This is pdfTeX, Version 3.141592653-2.6-1.40.25 (TeX Live 2023) (preloaded format=pdflatex 2024.3.4)  30 APR 2024 15:56
entering extended mode
 restricted \write18 enabled.
 %&-line parsing enabled.
**paper-lineu.tex
(./paper-lineu.tex
LaTeX2e <2023-11-01> patch level 1
L3 programming layer <2024-02-20>
(./smj.cls
Document Class: smj 2016/03/22 0.3 smj class by Arnost Komarek
(/home/lacf14/.TinyTeX/texmf-dist/tex/latex/base/article.cls
Document Class: article 2023/05/17 v1.4n Standard LaTeX document class
(/home/lacf14/.TinyTeX/texmf-dist/tex/latex/base/size12.clo
File: size12.clo 2023/05/17 v1.4n Standard LaTeX file (size option)
)
\c@part=\count188
\c@section=\count189
\c@subsection=\count190
\c@subsubsection=\count191
\c@paragraph=\count192
\c@subparagraph=\count193
\c@figure=\count194
\c@table=\count195
\abovecaptionskip=\skip48
\belowcaptionskip=\skip49
\bibindent=\dimen140
) (/home/lacf14/.TinyTeX/texmf-dist/tex/latex/graphics/graphicx.sty
Package: graphicx 2021/09/16 v1.2d Enhanced LaTeX Graphics (DPC,SPQR)
 (/home/lacf14/.TinyTeX/texmf-dist/tex/latex/graphics/keyval.sty
Package: keyval 2022/05/29 v1.15 key=value parser (DPC)
\KV@toks@=\toks17
) (/home/lacf14/.TinyTeX/texmf-dist/tex/latex/graphics/graphics.sty
Package: graphics 2022/03/10 v1.4e Standard LaTeX Graphics (DPC,SPQR)
 (/home/lacf14/.TinyTeX/texmf-dist/tex/latex/graphics/trig.sty
Package: trig 2021/08/11 v1.11 sin cos tan (DPC)
) (/home/lacf14/.TinyTeX/texmf-dist/tex/latex/graphics-cfg/graphics.cfg
File: graphics.cfg 2016/06/04 v1.11 sample graphics configuration
)
Package graphics Info: Driver file: pdftex.def on input line 107.
 (/home/lacf14/.TinyTeX/texmf-dist/tex/latex/graphics-def/pdftex.def
File: pdftex.def 2022/09/22 v1.2b Graphics/color driver for pdftex
))
\Gin@req@height=\dimen141
\Gin@req@width=\dimen142
) (/home/lacf14/.TinyTeX/texmf-dist/tex/latex/graphics/color.sty
Package: color 2022/01/06 v1.3d Standard LaTeX Color (DPC)
 (/home/lacf14/.TinyTeX/texmf-dist/tex/latex/graphics-cfg/color.cfg
File: color.cfg 2016/01/02 v1.6 sample color configuration
)
Package color Info: Driver file: pdftex.def on input line 149.
 (/home/lacf14/.TinyTeX/texmf-dist/tex/latex/graphics/mathcolor.ltx)) (/home/lacf14/.TinyTeX/texmf-dist/tex/latex/fancyvrb/fancyvrb.sty
Package: fancyvrb 2024/01/20 4.5c verbatim text (tvz,hv)
\FV@CodeLineNo=\count196
\FV@InFile=\read2
\FV@TabBox=\box51
\c@FancyVerbLine=\count197
\FV@StepNumber=\count198
\FV@OutFile=\write3
) (/home/lacf14/.TinyTeX/texmf-dist/tex/latex/amsmath/amsmath.sty
Package: amsmath 2023/05/13 v2.17o AMS math features
\@mathmargin=\skip50

For additional information on amsmath, use the `?' option.
(/home/lacf14/.TinyTeX/texmf-dist/tex/latex/amsmath/amstext.sty
Package: amstext 2021/08/26 v2.01 AMS text
 (/home/lacf14/.TinyTeX/texmf-dist/tex/latex/amsmath/amsgen.sty
File: amsgen.sty 1999/11/30 v2.0 generic functions
\@emptytoks=\toks18
\ex@=\dimen143
)) (/home/lacf14/.TinyTeX/texmf-dist/tex/latex/amsmath/amsbsy.sty
Package: amsbsy 1999/11/29 v1.2d Bold Symbols
\pmbraise@=\dimen144
) (/home/lacf14/.TinyTeX/texmf-dist/tex/latex/amsmath/amsopn.sty
Package: amsopn 2022/04/08 v2.04 operator names
)
\inf@bad=\count199
LaTeX Info: Redefining \frac on input line 234.
\uproot@=\count266
\leftroot@=\count267
LaTeX Info: Redefining \overline on input line 399.
LaTeX Info: Redefining \colon on input line 410.
\classnum@=\count268
\DOTSCASE@=\count269
LaTeX Info: Redefining \ldots on input line 496.
LaTeX Info: Redefining \dots on input line 499.
LaTeX Info: Redefining \cdots on input line 620.
\Mathstrutbox@=\box52
\strutbox@=\box53
LaTeX Info: Redefining \big on input line 722.
LaTeX Info: Redefining \Big on input line 723.
LaTeX Info: Redefining \bigg on input line 724.
LaTeX Info: Redefining \Bigg on input line 725.
\big@size=\dimen145
LaTeX Font Info:    Redeclaring font encoding OML on input line 743.
LaTeX Font Info:    Redeclaring font encoding OMS on input line 744.
\macc@depth=\count270
LaTeX Info: Redefining \bmod on input line 905.
LaTeX Info: Redefining \pmod on input line 910.
LaTeX Info: Redefining \smash on input line 940.
LaTeX Info: Redefining \relbar on input line 970.
LaTeX Info: Redefining \Relbar on input line 971.
\c@MaxMatrixCols=\count271
\dotsspace@=\muskip16
\c@parentequation=\count272
\dspbrk@lvl=\count273
\tag@help=\toks19
\row@=\count274
\column@=\count275
\maxfields@=\count276
\andhelp@=\toks20
\eqnshift@=\dimen146
\alignsep@=\dimen147
\tagshift@=\dimen148
\tagwidth@=\dimen149
\totwidth@=\dimen150
\lineht@=\dimen151
\@envbody=\toks21
\multlinegap=\skip51
\multlinetaggap=\skip52
\mathdisplay@stack=\toks22
LaTeX Info: Redefining \[ on input line 2953.
LaTeX Info: Redefining \] on input line 2954.
) (/home/lacf14/.TinyTeX/texmf-dist/tex/latex/amsfonts/amssymb.sty
Package: amssymb 2013/01/14 v3.01 AMS font symbols
 (/home/lacf14/.TinyTeX/texmf-dist/tex/latex/amsfonts/amsfonts.sty
Package: amsfonts 2013/01/14 v3.01 Basic AMSFonts support
\symAMSa=\mathgroup4
\symAMSb=\mathgroup5
LaTeX Font Info:    Redeclaring math symbol \hbar on input line 98.
LaTeX Font Info:    Overwriting math alphabet `\mathfrak' in version `bold'
(Font)                  U/euf/m/n --> U/euf/b/n on input line 106.
)) (/home/lacf14/.TinyTeX/texmf-dist/tex/latex/tools/calc.sty
Package: calc 2023/07/08 v4.3 Infix arithmetic (KKT,FJ)
\calc@Acount=\count277
\calc@Bcount=\count278
\calc@Adimen=\dimen152
\calc@Bdimen=\dimen153
\calc@Askip=\skip53
\calc@Bskip=\skip54
LaTeX Info: Redefining \setlength on input line 80.
LaTeX Info: Redefining \addtolength on input line 81.
\calc@Ccount=\count279
\calc@Cskip=\skip55
) (/home/lacf14/.TinyTeX/texmf-dist/tex/latex/url/url.sty
\Urlmuskip=\muskip17
Package: url 2013/09/16  ver 3.4  Verb mode for urls, etc.
) (/home/lacf14/.TinyTeX/texmf-dist/tex/latex/upquote/upquote.sty
Package: upquote 2012/04/19 v1.3 upright-quote and grave-accent glyphs in verbatim
) (/home/lacf14/.TinyTeX/texmf-dist/tex/latex/hyperref/hyperref.sty
Package: hyperref 2024-01-20 v7.01h Hypertext links for LaTeX
 (/home/lacf14/.TinyTeX/texmf-dist/tex/generic/iftex/iftex.sty
Package: iftex 2022/02/03 v1.0f TeX engine tests
) (/home/lacf14/.TinyTeX/texmf-dist/tex/latex/kvsetkeys/kvsetkeys.sty
Package: kvsetkeys 2022-10-05 v1.19 Key value parser (HO)
) (/home/lacf14/.TinyTeX/texmf-dist/tex/generic/kvdefinekeys/kvdefinekeys.sty
Package: kvdefinekeys 2019-12-19 v1.6 Define keys (HO)
) (/home/lacf14/.TinyTeX/texmf-dist/tex/generic/pdfescape/pdfescape.sty
Package: pdfescape 2019/12/09 v1.15 Implements pdfTeX's escape features (HO)
 (/home/lacf14/.TinyTeX/texmf-dist/tex/generic/ltxcmds/ltxcmds.sty
Package: ltxcmds 2023-12-04 v1.26 LaTeX kernel commands for general use (HO)
) (/home/lacf14/.TinyTeX/texmf-dist/tex/generic/pdftexcmds/pdftexcmds.sty
Package: pdftexcmds 2020-06-27 v0.33 Utility functions of pdfTeX for LuaTeX (HO)
 (/home/lacf14/.TinyTeX/texmf-dist/tex/generic/infwarerr/infwarerr.sty
Package: infwarerr 2019/12/03 v1.5 Providing info/warning/error messages (HO)
)
Package pdftexcmds Info: \pdf@primitive is available.
Package pdftexcmds Info: \pdf@ifprimitive is available.
Package pdftexcmds Info: \pdfdraftmode found.
)) (/home/lacf14/.TinyTeX/texmf-dist/tex/latex/hycolor/hycolor.sty
Package: hycolor 2020-01-27 v1.10 Color options for hyperref/bookmark (HO)
) (/home/lacf14/.TinyTeX/texmf-dist/tex/latex/auxhook/auxhook.sty
Package: auxhook 2019-12-17 v1.6 Hooks for auxiliary files (HO)
) (/home/lacf14/.TinyTeX/texmf-dist/tex/latex/hyperref/nameref.sty
Package: nameref 2023-11-26 v2.56 Cross-referencing by name of section
 (/home/lacf14/.TinyTeX/texmf-dist/tex/latex/refcount/refcount.sty
Package: refcount 2019/12/15 v3.6 Data extraction from label references (HO)
) (/home/lacf14/.TinyTeX/texmf-dist/tex/generic/gettitlestring/gettitlestring.sty
Package: gettitlestring 2019/12/15 v1.6 Cleanup title references (HO)
 (/home/lacf14/.TinyTeX/texmf-dist/tex/latex/kvoptions/kvoptions.sty
Package: kvoptions 2022-06-15 v3.15 Key value format for package options (HO)
))
\c@section@level=\count280
) (/home/lacf14/.TinyTeX/texmf-dist/tex/latex/etoolbox/etoolbox.sty
Package: etoolbox 2020/10/05 v2.5k e-TeX tools for LaTeX (JAW)
\etb@tempcnta=\count281
)
\@linkdim=\dimen154
\Hy@linkcounter=\count282
\Hy@pagecounter=\count283
 (/home/lacf14/.TinyTeX/texmf-dist/tex/latex/hyperref/pd1enc.def
File: pd1enc.def 2024-01-20 v7.01h Hyperref: PDFDocEncoding definition (HO)
Now handling font encoding PD1 ...
... no UTF-8 mapping file for font encoding PD1
) (/home/lacf14/.TinyTeX/texmf-dist/tex/generic/intcalc/intcalc.sty
Package: intcalc 2019/12/15 v1.3 Expandable calculations with integers (HO)
)
\Hy@SavedSpaceFactor=\count284
 (/home/lacf14/.TinyTeX/texmf-dist/tex/latex/hyperref/puenc.def
File: puenc.def 2024-01-20 v7.01h Hyperref: PDF Unicode definition (HO)
Now handling font encoding PU ...
... no UTF-8 mapping file for font encoding PU
)
Package hyperref Info: Option `colorlinks' set `true' on input line 4062.
Package hyperref Info: Option `breaklinks' set `true' on input line 4062.
Package hyperref Info: Hyper figures OFF on input line 4179.
Package hyperref Info: Link nesting OFF on input line 4184.
Package hyperref Info: Hyper index ON on input line 4187.
Package hyperref Info: Plain pages OFF on input line 4194.
Package hyperref Info: Backreferencing OFF on input line 4199.
Package hyperref Info: Implicit mode ON; LaTeX internals redefined.
Package hyperref Info: Bookmarks ON on input line 4446.
\c@Hy@tempcnt=\count285
LaTeX Info: Redefining \url on input line 4784.
\XeTeXLinkMargin=\dimen155
 (/home/lacf14/.TinyTeX/texmf-dist/tex/generic/bitset/bitset.sty
Package: bitset 2019/12/09 v1.3 Handle bit-vector datatype (HO)
 (/home/lacf14/.TinyTeX/texmf-dist/tex/generic/bigintcalc/bigintcalc.sty
Package: bigintcalc 2019/12/15 v1.5 Expandable calculations on big integers (HO)
))
\Fld@menulength=\count286
\Field@Width=\dimen156
\Fld@charsize=\dimen157
Package hyperref Info: Hyper figures OFF on input line 6063.
Package hyperref Info: Link nesting OFF on input line 6068.
Package hyperref Info: Hyper index ON on input line 6071.
Package hyperref Info: backreferencing OFF on input line 6078.
Package hyperref Info: Link coloring ON on input line 6081.
Package hyperref Info: Link coloring with OCG OFF on input line 6088.
Package hyperref Info: PDF/A mode OFF on input line 6093.
 (/home/lacf14/.TinyTeX/texmf-dist/tex/latex/base/atbegshi-ltx.sty
Package: atbegshi-ltx 2021/01/10 v1.0c Emulation of the original atbegshi
package with kernel methods
)
\Hy@abspage=\count287
\c@Item=\count288
\c@Hfootnote=\count289
)
Package hyperref Info: Driver (autodetected): hpdftex.
 (/home/lacf14/.TinyTeX/texmf-dist/tex/latex/hyperref/hpdftex.def
File: hpdftex.def 2024-01-20 v7.01h Hyperref driver for pdfTeX
 (/home/lacf14/.TinyTeX/texmf-dist/tex/latex/base/atveryend-ltx.sty
Package: atveryend-ltx 2020/08/19 v1.0a Emulation of the original atveryend package
with kernel methods
)
\Fld@listcount=\count290
\c@bookmark@seq@number=\count291
 (/home/lacf14/.TinyTeX/texmf-dist/tex/latex/rerunfilecheck/rerunfilecheck.sty
Package: rerunfilecheck 2022-07-10 v1.10 Rerun checks for auxiliary files (HO)
 (/home/lacf14/.TinyTeX/texmf-dist/tex/generic/uniquecounter/uniquecounter.sty
Package: uniquecounter 2019/12/15 v1.4 Provide unlimited unique counter (HO)
)
Package uniquecounter Info: New unique counter `rerunfilecheck' on input line 285.
)
\Hy@SectionHShift=\skip56
) (./doi.sty
Package: doi 2018/09/09 handle doi numbers
) (/home/lacf14/.TinyTeX/texmf-dist/tex/latex/natbib/natbib.sty
Package: natbib 2010/09/13 8.31b (PWD, AO)
\bibhang=\skip57
\bibsep=\skip58
LaTeX Info: Redefining \cite on input line 694.
\c@NAT@ctr=\count292
)
\c@AffilCount=\count293
) (/home/lacf14/.TinyTeX/texmf-dist/tex/latex/multirow/multirow.sty
Package: multirow 2021/03/15 v2.8 Span multiple rows of a table
\multirow@colwidth=\skip59
\multirow@cntb=\count294
\multirow@dima=\skip60
\bigstrutjot=\dimen158
) (/home/lacf14/.TinyTeX/texmf-dist/tex/latex/float/float.sty
Package: float 2001/11/08 v1.3d Float enhancements (AL)
\c@float@type=\count295
\float@exts=\toks23
\float@box=\box54
\@float@everytoks=\toks24
\@floatcapt=\box55
) (/home/lacf14/.TinyTeX/texmf-dist/tex/latex/l3backend/l3backend-pdftex.def
File: l3backend-pdftex.def 2024-02-20 L3 backend support: PDF output (pdfTeX)
\l__color_backend_stack_int=\count296
\l__pdf_internal_box=\box56
) (./paper-lineu.aux)
\openout1 = `paper-lineu.aux'.

LaTeX Font Info:    Checking defaults for OML/cmm/m/it on input line 155.
LaTeX Font Info:    ... okay on input line 155.
LaTeX Font Info:    Checking defaults for OMS/cmsy/m/n on input line 155.
LaTeX Font Info:    ... okay on input line 155.
LaTeX Font Info:    Checking defaults for OT1/cmr/m/n on input line 155.
LaTeX Font Info:    ... okay on input line 155.
LaTeX Font Info:    Checking defaults for T1/cmr/m/n on input line 155.
LaTeX Font Info:    ... okay on input line 155.
LaTeX Font Info:    Checking defaults for TS1/cmr/m/n on input line 155.
LaTeX Font Info:    ... okay on input line 155.
LaTeX Font Info:    Checking defaults for OMX/cmex/m/n on input line 155.
LaTeX Font Info:    ... okay on input line 155.
LaTeX Font Info:    Checking defaults for U/cmr/m/n on input line 155.
LaTeX Font Info:    ... okay on input line 155.
LaTeX Font Info:    Checking defaults for PD1/pdf/m/n on input line 155.
LaTeX Font Info:    ... okay on input line 155.
LaTeX Font Info:    Checking defaults for PU/pdf/m/n on input line 155.
LaTeX Font Info:    ... okay on input line 155.
 (/home/lacf14/.TinyTeX/texmf-dist/tex/latex/epstopdf-pkg/epstopdf-base.sty
Package: epstopdf-base 2020-01-24 v2.11 Base part for package epstopdf
Package epstopdf-base Info: Redefining graphics rule for `.eps' on input line 485.
 (/home/lacf14/.TinyTeX/texmf-dist/tex/latex/latexconfig/epstopdf-sys.cfg
File: epstopdf-sys.cfg 2010/07/13 v1.3 Configuration of (r)epstopdf for TeX Live
))
Package hyperref Info: Link coloring ON on input line 155.
 (./paper-lineu.out) (./paper-lineu.out)
\@outlinefile=\write4
\openout4 = `paper-lineu.out'.

LaTeX Font Info:    Trying to load font information for U+msa on input line 161.
 (/home/lacf14/.TinyTeX/texmf-dist/tex/latex/amsfonts/umsa.fd
File: umsa.fd 2013/01/14 v3.01 AMS symbols A
)
LaTeX Font Info:    Trying to load font information for U+msb on input line 161.
 (/home/lacf14/.TinyTeX/texmf-dist/tex/latex/amsfonts/umsb.fd
File: umsb.fd 2013/01/14 v3.01 AMS symbols B
) [1

{/home/lacf14/.TinyTeX/texmf-var/fonts/map/pdftex/updmap/pdftex.map}]
Underfull \vbox (badness 10000) has occurred while \output is active []


Overfull \hbox (5.87494pt too wide) has occurred while \output is active
\OT1/cmr/m/n/12 2 []
 []

[2]
Underfull \vbox (badness 10000) has occurred while \output is active []


Overfull \hbox (5.87494pt too wide) has occurred while \output is active
[] \OT1/cmr/m/n/12 3
 []

[3]
Overfull \hbox (7.94766pt too wide) in paragraph at lines 192--193
[]\OT1/cmr/m/n/12 In this ar-ti-cle, we adopt the mul-ti-vari-ate co-vari-ance gen-er-al-ized lin-ear mod-els (McGLM)
 []


Underfull \vbox (badness 10000) has occurred while \output is active []


Overfull \hbox (5.87494pt too wide) has occurred while \output is active
\OT1/cmr/m/n/12 4 []
 []

[4]
Underfull \vbox (badness 10000) has occurred while \output is active []


Overfull \hbox (5.87494pt too wide) has occurred while \output is active
[] \OT1/cmr/m/n/12 5
 []

[5]
Underfull \vbox (badness 10000) has occurred while \output is active []


Overfull \hbox (5.87494pt too wide) has occurred while \output is active
\OT1/cmr/m/n/12 6 []
 []

[6]
Underfull \vbox (badness 10000) has occurred while \output is active []


Overfull \hbox (5.87494pt too wide) has occurred while \output is active
[] \OT1/cmr/m/n/12 7
 []

[7]
Overfull \hbox (20.12112pt too wide) in paragraph at lines 224--225
\OT1/cmr/m/n/12 com-pli-ca-tions, re-ceived an-tibi-otic ther-apy con-comi-tantly with the use of pro-bi-otic/placebo
 []


Underfull \vbox (badness 10000) has occurred while \output is active []


Overfull \hbox (5.87494pt too wide) has occurred while \output is active
\OT1/cmr/m/n/12 8 []
 []

[8]
Underfull \vbox (badness 10000) has occurred while \output is active []


Overfull \hbox (5.87494pt too wide) has occurred while \output is active
[] \OT1/cmr/m/n/12 9
 []

[9]
<FIGURE1.jpeg, id=231, 578.16pt x 433.62pt>
File: FIGURE1.jpeg Graphic file (type jpg)
<use FIGURE1.jpeg>
Package pdftex.def Info: FIGURE1.jpeg  used on input line 254.
(pdftex.def)             Requested size: 355.20018pt x 266.41336pt.

Underfull \vbox (badness 3547) has occurred while \output is active []


Overfull \hbox (11.74988pt too wide) has occurred while \output is active
\OT1/cmr/m/n/12 10 []
 []

[10]
Overfull \hbox (11.74988pt too wide) has occurred while \output is active
[] \OT1/cmr/m/n/12 11
 []

[11
pdfTeX warning (ext4): destination with the same identifier (name{figure.1}) has been already used, duplicate ignored
<argument> ...shipout:D \box_use:N \l_shipout_box 
                                                  \__shipout_drop_firstpage_...
l.259 
       <./FIGURE1.jpeg>]
Overfull \hbox (3.30812pt too wide) in paragraph at lines 262--273
 [][] 
 []


Underfull \vbox (badness 10000) has occurred while \output is active []


Overfull \hbox (11.74988pt too wide) has occurred while \output is active
\OT1/cmr/m/n/12 12 []
 []

[12
pdfTeX warning (ext4): destination with the same identifier (name{table.1}) has been already used, duplicate ignored
<argument> ...shipout:D \box_use:N \l_shipout_box 
                                                  \__shipout_drop_firstpage_...
l.298 $$
        ]
Overfull \hbox (11.74988pt too wide) has occurred while \output is active
[] \OT1/cmr/m/n/12 13
 []

[13]
Overfull \hbox (4.79907pt too wide) in paragraph at lines 323--324
[]\OT1/cmr/m/n/12 It is pos-si-ble to no-tice that the power pa-ram-e-ter $\OML/cmm/m/it/12 p$ \OT1/cmr/m/n/12 ap-pears in all the vari-ance/dispersion
 []


Underfull \vbox (badness 10000) has occurred while \output is active []


Overfull \hbox (11.74988pt too wide) has occurred while \output is active
\OT1/cmr/m/n/12 14 []
 []

[14]
Overfull \hbox (11.74988pt too wide) has occurred while \output is active
[] \OT1/cmr/m/n/12 15
 []

[15]
Overfull \hbox (11.74988pt too wide) has occurred while \output is active
\OT1/cmr/m/n/12 16 []
 []

[16]
Overfull \hbox (9.08647pt too wide) in paragraph at lines 421--422
\OT1/cmr/m/n/12 where $\OML/cmm/m/it/12 J[]$ \OT1/cmr/m/n/12 is the in-verse of the Go-dambe in-for-ma-tion ma-trix, given by $\OML/cmm/m/it/12 J[] \OT1/cmr/m/n/12 = \OML/cmm/m/it/12 S[]V[]S[]$\OT1/cmr/m/n/12 ,
 []


Overfull \hbox (11.74988pt too wide) has occurred while \output is active
[] \OT1/cmr/m/n/12 17
 []

[17]
Overfull \hbox (11.74988pt too wide) has occurred while \output is active
\OT1/cmr/m/n/12 18 []
 []

[18]
Overfull \hbox (11.74988pt too wide) has occurred while \output is active
[] \OT1/cmr/m/n/12 19
 []

[19]
Overfull \hbox (11.74988pt too wide) has occurred while \output is active
\OT1/cmr/m/n/12 20 []
 []

[20]
Overfull \hbox (11.74988pt too wide) has occurred while \output is active
[] \OT1/cmr/m/n/12 21
 []

[21]
Overfull \hbox (11.74988pt too wide) has occurred while \output is active
\OT1/cmr/m/n/12 22 []
 []

[22]
Overfull \hbox (11.74988pt too wide) has occurred while \output is active
[] \OT1/cmr/m/n/12 23
 []

[23]
Underfull \vbox (badness 10000) has occurred while \output is active []


Overfull \hbox (11.74988pt too wide) has occurred while \output is active
\OT1/cmr/m/n/12 24 []
 []

[24]
Overfull \hbox (11.74988pt too wide) has occurred while \output is active
[] \OT1/cmr/m/n/12 25
 []

[25]
Underfull \vbox (badness 10000) has occurred while \output is active []


Overfull \hbox (11.74988pt too wide) has occurred while \output is active
\OT1/cmr/m/n/12 26 []
 []

[26]
Overfull \hbox (11.74988pt too wide) has occurred while \output is active
[] \OT1/cmr/m/n/12 27
 []

[27]
Overfull \hbox (11.74988pt too wide) has occurred while \output is active
\OT1/cmr/m/n/12 28 []
 []

[28]
Overfull \hbox (11.74988pt too wide) has occurred while \output is active
[] \OT1/cmr/m/n/12 29
 []

[29]
Overfull \hbox (11.74988pt too wide) has occurred while \output is active
\OT1/cmr/m/n/12 30 []
 []

[30]
Overfull \hbox (11.74988pt too wide) has occurred while \output is active
[] \OT1/cmr/m/n/12 31
 []

[31]
Underfull \vbox (badness 10000) has occurred while \output is active []


Overfull \hbox (11.74988pt too wide) has occurred while \output is active
\OT1/cmr/m/n/12 32 []
 []

[32]
Overfull \hbox (11.74988pt too wide) has occurred while \output is active
[] \OT1/cmr/m/n/12 33
 []

[33
pdfTeX warning (ext4): destination with the same identifier (name{table.2}) has been already used, duplicate ignored
<argument> ...shipout:D \box_use:N \l_shipout_box 
                                                  \__shipout_drop_firstpage_...
l.749 \begin{equation}
                       \label{eq:correlacao}]
Overfull \hbox (11.74988pt too wide) has occurred while \output is active
\OT1/cmr/m/n/12 34 []
 []

[34]
<FIGURE2.jpeg, id=456, 578.16pt x 433.62pt>
File: FIGURE2.jpeg Graphic file (type jpg)
<use FIGURE2.jpeg>
Package pdftex.def Info: FIGURE2.jpeg  used on input line 766.
(pdftex.def)             Requested size: 355.20018pt x 266.41336pt.

Underfull \vbox (badness 5008) has occurred while \output is active []


Overfull \hbox (11.74988pt too wide) has occurred while \output is active
[] \OT1/cmr/m/n/12 35
 []

[35
pdfTeX warning (ext4): destination with the same identifier (name{figure.2}) has been already used, duplicate ignored
<argument> ...shipout:D \box_use:N \l_shipout_box 
                                                  \__shipout_drop_firstpage_...
l.775 
       <./FIGURE2.jpeg>]
Underfull \vbox (badness 10000) has occurred while \output is active []


Overfull \hbox (11.74988pt too wide) has occurred while \output is active
\OT1/cmr/m/n/12 36 []
 []

[36]
<FIGURE3.jpeg, id=469, 578.16pt x 433.62pt>
File: FIGURE3.jpeg Graphic file (type jpg)
<use FIGURE3.jpeg>
Package pdftex.def Info: FIGURE3.jpeg  used on input line 786.
(pdftex.def)             Requested size: 355.20018pt x 266.41336pt.

Underfull \vbox (badness 1087) has occurred while \output is active []


Overfull \hbox (11.74988pt too wide) has occurred while \output is active
[] \OT1/cmr/m/n/12 37
 []

[37
pdfTeX warning (ext4): destination with the same identifier (name{figure.3}) has been already used, duplicate ignored
<argument> ...shipout:D \box_use:N \l_shipout_box 
                                                  \__shipout_drop_firstpage_...
l.791 
       <./FIGURE3.jpeg>]
Overfull \hbox (11.74988pt too wide) has occurred while \output is active
\OT1/cmr/m/n/12 38 []
 []

[38]
Underfull \vbox (badness 10000) has occurred while \output is active []


Overfull \hbox (11.74988pt too wide) has occurred while \output is active
[] \OT1/cmr/m/n/12 39
 []

[39]
<FIGURE4.jpeg, id=487, 505.89pt x 216.81pt>
File: FIGURE4.jpeg Graphic file (type jpg)
<use FIGURE4.jpeg>
Package pdftex.def Info: FIGURE4.jpeg  used on input line 844.
(pdftex.def)             Requested size: 352.8083pt x 151.20686pt.
<FIGURE5.jpeg, id=488, 505.89pt x 216.81pt>
File: FIGURE5.jpeg Graphic file (type jpg)
<use FIGURE5.jpeg>
Package pdftex.def Info: FIGURE5.jpeg  used on input line 850.
(pdftex.def)             Requested size: 352.8083pt x 151.20686pt.

Underfull \vbox (badness 10000) has occurred while \output is active []


Overfull \hbox (11.74988pt too wide) has occurred while \output is active
\OT1/cmr/m/n/12 40 []
 []

[40
pdfTeX warning (ext4): destination with the same identifier (name{figure.4}) has been already used, duplicate ignored
<argument> ...shipout:D \box_use:N \l_shipout_box 
                                                  \__shipout_drop_firstpage_...
l.853 
       <./FIGURE4.jpeg>]
LaTeX Font Info:    Trying to load font information for OML+cmr on input line 862.
 (/home/lacf14/.TinyTeX/texmf-dist/tex/latex/base/omlcmr.fd
File: omlcmr.fd 2023/04/13 v2.5m Standard LaTeX font definitions
)
LaTeX Font Info:    Font shape `OML/cmr/m/n' in size <12> not available
(Font)              Font shape `OML/cmm/m/it' tried instead on input line 862.

Underfull \vbox (badness 10000) has occurred while \output is active []


Overfull \hbox (11.74988pt too wide) has occurred while \output is active
[] \OT1/cmr/m/n/12 41
 []

[41
pdfTeX warning (ext4): destination with the same identifier (name{figure.5}) has been already used, duplicate ignored
<argument> ...shipout:D \box_use:N \l_shipout_box 
                                                  \__shipout_drop_firstpage_...
l.875 
       <./FIGURE5.jpeg>]
<FIGURE6.jpeg, id=504, 505.89pt x 289.08pt>
File: FIGURE6.jpeg Graphic file (type jpg)
<use FIGURE6.jpeg>
Package pdftex.def Info: FIGURE6.jpeg  used on input line 878.
(pdftex.def)             Requested size: 378.00394pt x 215.99783pt.

Underfull \vbox (badness 5403) has occurred while \output is active []


Overfull \hbox (11.74988pt too wide) has occurred while \output is active
\OT1/cmr/m/n/12 42 []
 []

[42
pdfTeX warning (ext4): destination with the same identifier (name{table.3}) has been already used, duplicate ignored
<argument> ...shipout:D \box_use:N \l_shipout_box 
                                                  \__shipout_drop_firstpage_...
l.886 
      
pdfTeX warning (ext4): destination with the same identifier (name{figure.6}) has been already used, duplicate ignored
<argument> ...shipout:D \box_use:N \l_shipout_box 
                                                  \__shipout_drop_firstpage_...
l.886 
       <./FIGURE6.jpeg>]
Overfull \hbox (1.42773pt too wide) in paragraph at lines 907--916
 [][] 
 []


Underfull \vbox (badness 10000) has occurred while \output is active []


Overfull \hbox (11.74988pt too wide) has occurred while \output is active
[] \OT1/cmr/m/n/12 43
 []

[43
pdfTeX warning (ext4): destination with the same identifier (name{table.4}) has been already used, duplicate ignored
<argument> ...shipout:D \box_use:N \l_shipout_box 
                                                  \__shipout_drop_firstpage_...
l.919 
      ]
Underfull \vbox (badness 10000) has occurred while \output is active []


Overfull \hbox (11.74988pt too wide) has occurred while \output is active
\OT1/cmr/m/n/12 44 []
 []

[44
pdfTeX warning (ext4): destination with the same identifier (name{table.5}) has been already used, duplicate ignored
<argument> ...shipout:D \box_use:N \l_shipout_box 
                                                  \__shipout_drop_firstpage_...
l.947 
      
pdfTeX warning (ext4): destination with the same identifier (name{table.6}) has been already used, duplicate ignored
<argument> ...shipout:D \box_use:N \l_shipout_box 
                                                  \__shipout_drop_firstpage_...
l.947 
      ]
Underfull \vbox (badness 10000) has occurred while \output is active []


Overfull \hbox (11.74988pt too wide) has occurred while \output is active
[] \OT1/cmr/m/n/12 45
 []

[45
pdfTeX warning (ext4): destination with the same identifier (name{table.7}) has been already used, duplicate ignored
<argument> ...shipout:D \box_use:N \l_shipout_box 
                                                  \__shipout_drop_firstpage_...
l.967 
      
pdfTeX warning (ext4): destination with the same identifier (name{table.8}) has been already used, duplicate ignored
<argument> ...shipout:D \box_use:N \l_shipout_box 
                                                  \__shipout_drop_firstpage_...
l.967 
      ]
Underfull \vbox (badness 10000) has occurred while \output is active []


Overfull \hbox (11.74988pt too wide) has occurred while \output is active
\OT1/cmr/m/n/12 46 []
 []

[46]
Underfull \vbox (badness 10000) has occurred while \output is active []


Overfull \hbox (11.74988pt too wide) has occurred while \output is active
[] \OT1/cmr/m/n/12 47
 []

[47]
Underfull \vbox (badness 10000) has occurred while \output is active []


Overfull \hbox (11.74988pt too wide) has occurred while \output is active
\OT1/cmr/m/n/12 48 []
 []

[48]
Underfull \vbox (badness 10000) has occurred while \output is active []


Overfull \hbox (11.74988pt too wide) has occurred while \output is active
[] \OT1/cmr/m/n/12 49
 []

[49]
Overfull \vbox (26.34705pt too high) has occurred while \output is active []


Overfull \hbox (11.74988pt too wide) has occurred while \output is active
\OT1/cmr/m/n/12 50 []
 []

[50
pdfTeX warning (ext4): destination with the same identifier (name{table.9}) has been already used, duplicate ignored
<argument> ...shipout:D \box_use:N \l_shipout_box 
                                                  \__shipout_drop_firstpage_...
l.1065 
       ]
Underfull \vbox (badness 10000) has occurred while \output is active []


Overfull \hbox (11.74988pt too wide) has occurred while \output is active
[] \OT1/cmr/m/n/12 51
 []

[51
pdfTeX warning (ext4): destination with the same identifier (name{table.10}) has been already used, duplicate ignored
<argument> ...shipout:D \box_use:N \l_shipout_box 
                                                  \__shipout_drop_firstpage_...
l.1125 
       ]
Underfull \vbox (badness 10000) has occurred while \output is active []


Overfull \hbox (11.74988pt too wide) has occurred while \output is active
\OT1/cmr/m/n/12 52 []
 []

[52
pdfTeX warning (ext4): destination with the same identifier (name{table.11}) has been already used, duplicate ignored
<argument> ...shipout:D \box_use:N \l_shipout_box 
                                                  \__shipout_drop_firstpage_...
l.1155 
       ] (./paper-lineu.bbl
Underfull \vbox (badness 10000) has occurred while \output is active []


Overfull \hbox (11.74988pt too wide) has occurred while \output is active
[] \OT1/cmr/m/n/12 53
 []

[53
pdfTeX warning (ext4): destination with the same identifier (name{table.12}) has been already used, duplicate ignored
<argument> ...shipout:D \box_use:N \l_shipout_box 
                                                  \__shipout_drop_firstpage_...
l.12 
     ]
Overfull \hbox (11.74988pt too wide) has occurred while \output is active
\OT1/cmr/m/n/12 54 []
 []

[54]
Overfull \hbox (11.74988pt too wide) has occurred while \output is active
[] \OT1/cmr/m/n/12 55
 []

[55]
Overfull \hbox (11.74988pt too wide) has occurred while \output is active
\OT1/cmr/m/n/12 56 []
 []

[56]
Overfull \hbox (11.74988pt too wide) has occurred while \output is active
[] \OT1/cmr/m/n/12 57
 []

[57])
Overfull \hbox (11.74988pt too wide) has occurred while \output is active
\OT1/cmr/m/n/12 58 []
 []

[58] (./paper-lineu.aux)
 ***********
LaTeX2e <2023-11-01> patch level 1
L3 programming layer <2024-02-20>
 ***********
Package rerunfilecheck Info: File `paper-lineu.out' has not changed.
(rerunfilecheck)             Checksum: BF50E4910BB8FB527339261EFEAD17E9;4393.
 ) 
Here is how much of TeX's memory you used:
 10853 strings out of 476062
 164765 string characters out of 5792276
 1945187 words of memory out of 5000000
 32645 multiletter control sequences out of 15000+600000
 571651 words of font info for 85 fonts, out of 8000000 for 9000
 16 hyphenation exceptions out of 8191
 90i,18n,93p,1269b,627s stack positions out of 10000i,1000n,20000p,200000b,200000s
 </home/lacf14/.TinyTeX/texmf-var/fonts/pk/ljfour/jknappen/ec/tcrm1200.600pk></home/lacf14/.TinyTeX/texmf-dist/fonts/type1/public/amsfonts/cmextra/cmbsy8.pfb></home/lacf14/.TinyTeX/texmf-dist/fonts/type1/public/amsfonts/cm/cmbx12.pfb></home/lacf14/.TinyTeX/texmf-dist/fonts/type1/public/amsfonts/cm/cmbx8.pfb></home/lacf14/.TinyTeX/texmf-dist/fonts/type1/public/amsfonts/cm/cmex10.pfb></home/lacf14/.TinyTeX/texmf-dist/fonts/type1/public/amsfonts/cm/cmmi12.pfb></home/lacf14/.TinyTeX/texmf-dist/fonts/type1/public/amsfonts/cm/cmmi6.pfb></home/lacf14/.TinyTeX/texmf-dist/fonts/type1/public/amsfonts/cm/cmmi8.pfb></home/lacf14/.TinyTeX/texmf-dist/fonts/type1/public/amsfonts/cm/cmmib10.pfb></home/lacf14/.TinyTeX/texmf-dist/fonts/type1/public/amsfonts/cmextra/cmmib6.pfb></home/lacf14/.TinyTeX/texmf-dist/fonts/type1/public/amsfonts/cmextra/cmmib8.pfb></home/lacf14/.TinyTeX/texmf-dist/fonts/type1/public/amsfonts/cm/cmr12.pfb></home/lacf14/.TinyTeX/texmf-dist/fonts/type1/public/amsfonts/cm/cmr6.pfb></home/lacf14/.TinyTeX/texmf-dist/fonts/type1/public/amsfonts/cm/cmr8.pfb></home/lacf14/.TinyTeX/texmf-dist/fonts/type1/public/amsfonts/cm/cmsl12.pfb></home/lacf14/.TinyTeX/texmf-dist/fonts/type1/public/amsfonts/cm/cmss17.pfb></home/lacf14/.TinyTeX/texmf-dist/fonts/type1/public/amsfonts/cm/cmssbx10.pfb></home/lacf14/.TinyTeX/texmf-dist/fonts/type1/public/amsfonts/cm/cmsy10.pfb></home/lacf14/.TinyTeX/texmf-dist/fonts/type1/public/amsfonts/cm/cmsy6.pfb></home/lacf14/.TinyTeX/texmf-dist/fonts/type1/public/amsfonts/cm/cmsy8.pfb></home/lacf14/.TinyTeX/texmf-dist/fonts/type1/public/amsfonts/cm/cmti12.pfb></home/lacf14/.TinyTeX/texmf-dist/fonts/type1/public/amsfonts/cm/cmtt12.pfb>
Output written on paper-lineu.pdf (58 pages, 1831958 bytes).
PDF statistics:
 734 PDF objects out of 1000 (max. 8388607)
 616 compressed objects within 7 object streams
 164 named destinations out of 1000 (max. 500000)
 191 words of extra memory for PDF output out of 10000 (max. 10000000)

