This is pdfTeX, Version 3.14159265-2.6-1.40.20 (TeX Live 2019/Debian) (preloaded format=pdflatex 2021.10.23)  11 AUG 2022 20:40
entering extended mode
 restricted \write18 enabled.
 %&-line parsing enabled.
**defesa-lineu.tex
(./defesa-lineu.tex
LaTeX2e <2020-02-02> patch level 2
L3 programming layer <2020-02-14> (/usr/share/texlive/texmf-dist/tex/latex/beam
er/beamer.cls
Document Class: beamer 2019/09/29 v3.57 A class for typesetting presentations
(/usr/share/texlive/texmf-dist/tex/latex/beamer/beamerbasemodes.sty (/usr/share
/texlive/texmf-dist/tex/latex/etoolbox/etoolbox.sty
Package: etoolbox 2019/09/21 v2.5h e-TeX tools for LaTeX (JAW)
\etb@tempcnta=\count167
)
\beamer@tempbox=\box45
\beamer@tempcount=\count168
\c@beamerpauses=\count169
(/usr/share/texlive/texmf-dist/tex/latex/beamer/beamerbasedecode.sty
\beamer@slideinframe=\count170
\beamer@minimum=\count171
\beamer@decode@box=\box46
)
\beamer@commentbox=\box47
\beamer@modecount=\count172
) (/usr/share/texlive/texmf-dist/tex/generic/iftex/ifpdf.sty
Package: ifpdf 2019/10/25 v3.4 ifpdf legacy package. Use iftex instead.
(/usr/share/texlive/texmf-dist/tex/generic/iftex/iftex.sty
Package: iftex 2019/11/07 v1.0c TeX engine tests
))
\headdp=\dimen134
\footheight=\dimen135
\sidebarheight=\dimen136
\beamer@tempdim=\dimen137
\beamer@finalheight=\dimen138
\beamer@animht=\dimen139
\beamer@animdp=\dimen140
\beamer@animwd=\dimen141
\beamer@leftmargin=\dimen142
\beamer@rightmargin=\dimen143
\beamer@leftsidebar=\dimen144
\beamer@rightsidebar=\dimen145
\beamer@boxsize=\dimen146
\beamer@vboxoffset=\dimen147
\beamer@descdefault=\dimen148
\beamer@descriptionwidth=\dimen149
\beamer@lastskip=\skip47
\beamer@areabox=\box48
\beamer@animcurrent=\box49
\beamer@animshowbox=\box50
\beamer@sectionbox=\box51
\beamer@logobox=\box52
\beamer@linebox=\box53
\beamer@sectioncount=\count173
\beamer@subsubsectionmax=\count174
\beamer@subsectionmax=\count175
\beamer@sectionmax=\count176
\beamer@totalheads=\count177
\beamer@headcounter=\count178
\beamer@partstartpage=\count179
\beamer@sectionstartpage=\count180
\beamer@subsectionstartpage=\count181
\beamer@animationtempa=\count182
\beamer@animationtempb=\count183
\beamer@xpos=\count184
\beamer@ypos=\count185
\beamer@ypos@offset=\count186
\beamer@showpartnumber=\count187
\beamer@currentsubsection=\count188
\beamer@coveringdepth=\count189
\beamer@sectionadjust=\count190
\beamer@tocsectionnumber=\count191
(/usr/share/texlive/texmf-dist/tex/latex/beamer/beamerbaseoptions.sty (/usr/sha
re/texlive/texmf-dist/tex/latex/graphics/keyval.sty
Package: keyval 2014/10/28 v1.15 key=value parser (DPC)
\KV@toks@=\toks14
))
\beamer@paperwidth=\skip48
\beamer@paperheight=\skip49
(/usr/share/texlive/texmf-dist/tex/latex/geometry/geometry.sty
Package: geometry 2020/01/02 v5.9 Page Geometry
(/usr/share/texlive/texmf-dist/tex/generic/iftex/ifvtex.sty
Package: ifvtex 2019/10/25 v1.7 ifvtex legacy package. Use iftex instead.
)
\Gm@cnth=\count192
\Gm@cntv=\count193
\c@Gm@tempcnt=\count194
\Gm@bindingoffset=\dimen150
\Gm@wd@mp=\dimen151
\Gm@odd@mp=\dimen152
\Gm@even@mp=\dimen153
\Gm@layoutwidth=\dimen154
\Gm@layoutheight=\dimen155
\Gm@layouthoffset=\dimen156
\Gm@layoutvoffset=\dimen157
\Gm@dimlist=\toks15
)

Class beamer Warning: ``serif'' is obsolete. Use font theme ``serif'' instead o
n input line 336.


Class beamer Warning: ``professionalfont'' is obsolete. Use font theme ``profes
sionalfonts'' instead on input line 336.

(/usr/share/texlive/texmf-dist/tex/latex/base/size11.clo
File: size11.clo 2019/12/20 v1.4l Standard LaTeX file (size option)
) (/usr/share/texlive/texmf-dist/tex/latex/pgf/basiclayer/pgfcore.sty (/usr/sha
re/texlive/texmf-dist/tex/latex/graphics/graphicx.sty
Package: graphicx 2019/11/30 v1.2a Enhanced LaTeX Graphics (DPC,SPQR)
(/usr/share/texlive/texmf-dist/tex/latex/graphics/graphics.sty
Package: graphics 2019/11/30 v1.4a Standard LaTeX Graphics (DPC,SPQR)
(/usr/share/texlive/texmf-dist/tex/latex/graphics/trig.sty
Package: trig 2016/01/03 v1.10 sin cos tan (DPC)
) (/usr/share/texlive/texmf-dist/tex/latex/graphics-cfg/graphics.cfg
File: graphics.cfg 2016/06/04 v1.11 sample graphics configuration
)
Package graphics Info: Driver file: pdftex.def on input line 105.
(/usr/share/texlive/texmf-dist/tex/latex/graphics-def/pdftex.def
File: pdftex.def 2018/01/08 v1.0l Graphics/color driver for pdftex
))
\Gin@req@height=\dimen158
\Gin@req@width=\dimen159
) (/usr/share/texlive/texmf-dist/tex/latex/pgf/systemlayer/pgfsys.sty (/usr/sha
re/texlive/texmf-dist/tex/latex/pgf/utilities/pgfrcs.sty (/usr/share/texlive/te
xmf-dist/tex/generic/pgf/utilities/pgfutil-common.tex
\pgfutil@everybye=\toks16
\pgfutil@tempdima=\dimen160
\pgfutil@tempdimb=\dimen161

(/usr/share/texlive/texmf-dist/tex/generic/pgf/utilities/pgfutil-common-lists.t
ex)) (/usr/share/texlive/texmf-dist/tex/generic/pgf/utilities/pgfutil-latex.def
\pgfutil@abb=\box54
(/usr/share/texlive/texmf-dist/tex/latex/ms/everyshi.sty
Package: everyshi 2001/05/15 v3.00 EveryShipout Package (MS)
)) (/usr/share/texlive/texmf-dist/tex/generic/pgf/utilities/pgfrcs.code.tex (/u
sr/share/texlive/texmf-dist/tex/generic/pgf/pgf.revision.tex)
Package: pgfrcs 2020/01/08 v3.1.5b (3.1.5b)
)) (/usr/share/texlive/texmf-dist/tex/generic/pgf/systemlayer/pgfsys.code.tex
Package: pgfsys 2020/01/08 v3.1.5b (3.1.5b)
(/usr/share/texlive/texmf-dist/tex/generic/pgf/utilities/pgfkeys.code.tex
\pgfkeys@pathtoks=\toks17
\pgfkeys@temptoks=\toks18

(/usr/share/texlive/texmf-dist/tex/generic/pgf/utilities/pgfkeysfiltered.code.t
ex
\pgfkeys@tmptoks=\toks19
))
\pgf@x=\dimen162
\pgf@y=\dimen163
\pgf@xa=\dimen164
\pgf@ya=\dimen165
\pgf@xb=\dimen166
\pgf@yb=\dimen167
\pgf@xc=\dimen168
\pgf@yc=\dimen169
\pgf@xd=\dimen170
\pgf@yd=\dimen171
\w@pgf@writea=\write3
\r@pgf@reada=\read2
\c@pgf@counta=\count195
\c@pgf@countb=\count196
\c@pgf@countc=\count197
\c@pgf@countd=\count198
\t@pgf@toka=\toks20
\t@pgf@tokb=\toks21
\t@pgf@tokc=\toks22
\pgf@sys@id@count=\count199
(/usr/share/texlive/texmf-dist/tex/generic/pgf/systemlayer/pgf.cfg
File: pgf.cfg 2020/01/08 v3.1.5b (3.1.5b)
)
Driver file for pgf: pgfsys-pdftex.def
(/usr/share/texlive/texmf-dist/tex/generic/pgf/systemlayer/pgfsys-pdftex.def
File: pgfsys-pdftex.def 2020/01/08 v3.1.5b (3.1.5b)

(/usr/share/texlive/texmf-dist/tex/generic/pgf/systemlayer/pgfsys-common-pdf.de
f
File: pgfsys-common-pdf.def 2020/01/08 v3.1.5b (3.1.5b)
)))
(/usr/share/texlive/texmf-dist/tex/generic/pgf/systemlayer/pgfsyssoftpath.code.
tex
File: pgfsyssoftpath.code.tex 2020/01/08 v3.1.5b (3.1.5b)
\pgfsyssoftpath@smallbuffer@items=\count266
\pgfsyssoftpath@bigbuffer@items=\count267
)
(/usr/share/texlive/texmf-dist/tex/generic/pgf/systemlayer/pgfsysprotocol.code.
tex
File: pgfsysprotocol.code.tex 2020/01/08 v3.1.5b (3.1.5b)
)) (/usr/share/texlive/texmf-dist/tex/latex/xcolor/xcolor.sty
Package: xcolor 2016/05/11 v2.12 LaTeX color extensions (UK)
(/usr/share/texlive/texmf-dist/tex/latex/graphics-cfg/color.cfg
File: color.cfg 2016/01/02 v1.6 sample color configuration
)
Package xcolor Info: Driver file: pdftex.def on input line 225.
Package xcolor Info: Model `cmy' substituted by `cmy0' on input line 1348.
Package xcolor Info: Model `hsb' substituted by `rgb' on input line 1352.
Package xcolor Info: Model `RGB' extended on input line 1364.
Package xcolor Info: Model `HTML' substituted by `rgb' on input line 1366.
Package xcolor Info: Model `Hsb' substituted by `hsb' on input line 1367.
Package xcolor Info: Model `tHsb' substituted by `hsb' on input line 1368.
Package xcolor Info: Model `HSB' substituted by `hsb' on input line 1369.
Package xcolor Info: Model `Gray' substituted by `gray' on input line 1370.
Package xcolor Info: Model `wave' substituted by `hsb' on input line 1371.
(/usr/share/texlive/texmf-dist/tex/latex/graphics/dvipsnam.def
File: dvipsnam.def 2016/06/17 v3.0m Driver-dependent file (DPC,SPQR)
)) (/usr/share/texlive/texmf-dist/tex/generic/pgf/basiclayer/pgfcore.code.tex
Package: pgfcore 2020/01/08 v3.1.5b (3.1.5b)
(/usr/share/texlive/texmf-dist/tex/generic/pgf/math/pgfmath.code.tex (/usr/shar
e/texlive/texmf-dist/tex/generic/pgf/math/pgfmathcalc.code.tex (/usr/share/texl
ive/texmf-dist/tex/generic/pgf/math/pgfmathutil.code.tex) (/usr/share/texlive/t
exmf-dist/tex/generic/pgf/math/pgfmathparser.code.tex
\pgfmath@dimen=\dimen172
\pgfmath@count=\count268
\pgfmath@box=\box55
\pgfmath@toks=\toks23
\pgfmath@stack@operand=\toks24
\pgfmath@stack@operation=\toks25
) (/usr/share/texlive/texmf-dist/tex/generic/pgf/math/pgfmathfunctions.code.tex

(/usr/share/texlive/texmf-dist/tex/generic/pgf/math/pgfmathfunctions.basic.code
.tex)
(/usr/share/texlive/texmf-dist/tex/generic/pgf/math/pgfmathfunctions.trigonomet
ric.code.tex)
(/usr/share/texlive/texmf-dist/tex/generic/pgf/math/pgfmathfunctions.random.cod
e.tex)
(/usr/share/texlive/texmf-dist/tex/generic/pgf/math/pgfmathfunctions.comparison
.code.tex)
(/usr/share/texlive/texmf-dist/tex/generic/pgf/math/pgfmathfunctions.base.code.
tex)
(/usr/share/texlive/texmf-dist/tex/generic/pgf/math/pgfmathfunctions.round.code
.tex)
(/usr/share/texlive/texmf-dist/tex/generic/pgf/math/pgfmathfunctions.misc.code.
tex)
(/usr/share/texlive/texmf-dist/tex/generic/pgf/math/pgfmathfunctions.integerari
thmetics.code.tex))) (/usr/share/texlive/texmf-dist/tex/generic/pgf/math/pgfmat
hfloat.code.tex
\c@pgfmathroundto@lastzeros=\count269
)) (/usr/share/texlive/texmf-dist/tex/generic/pgf/math/pgfint.code.tex)
(/usr/share/texlive/texmf-dist/tex/generic/pgf/basiclayer/pgfcorepoints.code.te
x
File: pgfcorepoints.code.tex 2020/01/08 v3.1.5b (3.1.5b)
\pgf@picminx=\dimen173
\pgf@picmaxx=\dimen174
\pgf@picminy=\dimen175
\pgf@picmaxy=\dimen176
\pgf@pathminx=\dimen177
\pgf@pathmaxx=\dimen178
\pgf@pathminy=\dimen179
\pgf@pathmaxy=\dimen180
\pgf@xx=\dimen181
\pgf@xy=\dimen182
\pgf@yx=\dimen183
\pgf@yy=\dimen184
\pgf@zx=\dimen185
\pgf@zy=\dimen186
)
(/usr/share/texlive/texmf-dist/tex/generic/pgf/basiclayer/pgfcorepathconstruct.
code.tex
File: pgfcorepathconstruct.code.tex 2020/01/08 v3.1.5b (3.1.5b)
\pgf@path@lastx=\dimen187
\pgf@path@lasty=\dimen188
)
(/usr/share/texlive/texmf-dist/tex/generic/pgf/basiclayer/pgfcorepathusage.code
.tex
File: pgfcorepathusage.code.tex 2020/01/08 v3.1.5b (3.1.5b)
\pgf@shorten@end@additional=\dimen189
\pgf@shorten@start@additional=\dimen190
)
(/usr/share/texlive/texmf-dist/tex/generic/pgf/basiclayer/pgfcorescopes.code.te
x
File: pgfcorescopes.code.tex 2020/01/08 v3.1.5b (3.1.5b)
\pgfpic=\box56
\pgf@hbox=\box57
\pgf@layerbox@main=\box58
\pgf@picture@serial@count=\count270
)
(/usr/share/texlive/texmf-dist/tex/generic/pgf/basiclayer/pgfcoregraphicstate.c
ode.tex
File: pgfcoregraphicstate.code.tex 2020/01/08 v3.1.5b (3.1.5b)
\pgflinewidth=\dimen191
)
(/usr/share/texlive/texmf-dist/tex/generic/pgf/basiclayer/pgfcoretransformation
s.code.tex
File: pgfcoretransformations.code.tex 2020/01/08 v3.1.5b (3.1.5b)
\pgf@pt@x=\dimen192
\pgf@pt@y=\dimen193
\pgf@pt@temp=\dimen194
)
(/usr/share/texlive/texmf-dist/tex/generic/pgf/basiclayer/pgfcorequick.code.tex
File: pgfcorequick.code.tex 2020/01/08 v3.1.5b (3.1.5b)
)
(/usr/share/texlive/texmf-dist/tex/generic/pgf/basiclayer/pgfcoreobjects.code.t
ex
File: pgfcoreobjects.code.tex 2020/01/08 v3.1.5b (3.1.5b)
)
(/usr/share/texlive/texmf-dist/tex/generic/pgf/basiclayer/pgfcorepathprocessing
.code.tex
File: pgfcorepathprocessing.code.tex 2020/01/08 v3.1.5b (3.1.5b)
)
(/usr/share/texlive/texmf-dist/tex/generic/pgf/basiclayer/pgfcorearrows.code.te
x
File: pgfcorearrows.code.tex 2020/01/08 v3.1.5b (3.1.5b)
\pgfarrowsep=\dimen195
)
(/usr/share/texlive/texmf-dist/tex/generic/pgf/basiclayer/pgfcoreshade.code.tex
File: pgfcoreshade.code.tex 2020/01/08 v3.1.5b (3.1.5b)
\pgf@max=\dimen196
\pgf@sys@shading@range@num=\count271
\pgf@shadingcount=\count272
)
(/usr/share/texlive/texmf-dist/tex/generic/pgf/basiclayer/pgfcoreimage.code.tex
File: pgfcoreimage.code.tex 2020/01/08 v3.1.5b (3.1.5b)

(/usr/share/texlive/texmf-dist/tex/generic/pgf/basiclayer/pgfcoreexternal.code.
tex
File: pgfcoreexternal.code.tex 2020/01/08 v3.1.5b (3.1.5b)
\pgfexternal@startupbox=\box59
))
(/usr/share/texlive/texmf-dist/tex/generic/pgf/basiclayer/pgfcorelayers.code.te
x
File: pgfcorelayers.code.tex 2020/01/08 v3.1.5b (3.1.5b)
)
(/usr/share/texlive/texmf-dist/tex/generic/pgf/basiclayer/pgfcoretransparency.c
ode.tex
File: pgfcoretransparency.code.tex 2020/01/08 v3.1.5b (3.1.5b)
)
(/usr/share/texlive/texmf-dist/tex/generic/pgf/basiclayer/pgfcorepatterns.code.
tex
File: pgfcorepatterns.code.tex 2020/01/08 v3.1.5b (3.1.5b)
) (/usr/share/texlive/texmf-dist/tex/generic/pgf/basiclayer/pgfcorerdf.code.tex
File: pgfcorerdf.code.tex 2020/01/08 v3.1.5b (3.1.5b)
))) (/usr/share/texlive/texmf-dist/tex/latex/pgf/utilities/xxcolor.sty
Package: xxcolor 2003/10/24 ver 0.1
\XC@nummixins=\count273
\XC@countmixins=\count274
) (/usr/share/texlive/texmf-dist/tex/generic/atbegshi/atbegshi.sty
Package: atbegshi 2019/12/05 v1.19 At begin shipout hook (HO)
(/usr/share/texlive/texmf-dist/tex/generic/infwarerr/infwarerr.sty
Package: infwarerr 2019/12/03 v1.5 Providing info/warning/error messages (HO)
) (/usr/share/texlive/texmf-dist/tex/generic/ltxcmds/ltxcmds.sty
Package: ltxcmds 2019/12/15 v1.24 LaTeX kernel commands for general use (HO)
)) (/usr/share/texlive/texmf-dist/tex/latex/hyperref/hyperref.sty
Package: hyperref 2020/01/14 v7.00d Hypertext links for LaTeX
(/usr/share/texlive/texmf-dist/tex/latex/pdftexcmds/pdftexcmds.sty
Package: pdftexcmds 2019/11/24 v0.31 Utility functions of pdfTeX for LuaTeX (HO
)
Package pdftexcmds Info: \pdf@primitive is available.
Package pdftexcmds Info: \pdf@ifprimitive is available.
Package pdftexcmds Info: \pdfdraftmode found.
) (/usr/share/texlive/texmf-dist/tex/generic/kvsetkeys/kvsetkeys.sty
Package: kvsetkeys 2019/12/15 v1.18 Key value parser (HO)
) (/usr/share/texlive/texmf-dist/tex/generic/kvdefinekeys/kvdefinekeys.sty
Package: kvdefinekeys 2019-12-19 v1.6 Define keys (HO)
) (/usr/share/texlive/texmf-dist/tex/generic/pdfescape/pdfescape.sty
Package: pdfescape 2019/12/09 v1.15 Implements pdfTeX's escape features (HO)
) (/usr/share/texlive/texmf-dist/tex/latex/hycolor/hycolor.sty
Package: hycolor 2020-01-27 v1.10 Color options for hyperref/bookmark (HO)
) (/usr/share/texlive/texmf-dist/tex/latex/letltxmacro/letltxmacro.sty
Package: letltxmacro 2019/12/03 v1.6 Let assignment for LaTeX macros (HO)
) (/usr/share/texlive/texmf-dist/tex/latex/auxhook/auxhook.sty
Package: auxhook 2019-12-17 v1.6 Hooks for auxiliary files (HO)
) (/usr/share/texlive/texmf-dist/tex/latex/kvoptions/kvoptions.sty
Package: kvoptions 2019/11/29 v3.13 Key value format for package options (HO)
)
\@linkdim=\dimen197
\Hy@linkcounter=\count275
\Hy@pagecounter=\count276
(/usr/share/texlive/texmf-dist/tex/latex/hyperref/pd1enc.def
File: pd1enc.def 2020/01/14 v7.00d Hyperref: PDFDocEncoding definition (HO)
Now handling font encoding PD1 ...
... no UTF-8 mapping file for font encoding PD1
) (/usr/share/texlive/texmf-dist/tex/generic/intcalc/intcalc.sty
Package: intcalc 2019/12/15 v1.3 Expandable calculations with integers (HO)
) (/usr/share/texlive/texmf-dist/tex/generic/etexcmds/etexcmds.sty
Package: etexcmds 2019/12/15 v1.7 Avoid name clashes with e-TeX commands (HO)
)
\Hy@SavedSpaceFactor=\count277
\pdfmajorversion=\count278
Package hyperref Info: Option `unicode' set `true' on input line 4421.
(/usr/share/texlive/texmf-dist/tex/latex/hyperref/puenc.def
File: puenc.def 2020/01/14 v7.00d Hyperref: PDF Unicode definition (HO)
Now handling font encoding PU ...
... no UTF-8 mapping file for font encoding PU
)
Package hyperref Info: Option `bookmarks' set `true' on input line 4421.
Package hyperref Info: Option `bookmarksopen' set `true' on input line 4421.
Package hyperref Info: Option `implicit' set `false' on input line 4421.
Package hyperref Info: Hyper figures OFF on input line 4547.
Package hyperref Info: Link nesting OFF on input line 4552.
Package hyperref Info: Hyper index ON on input line 4555.
Package hyperref Info: Plain pages OFF on input line 4562.
Package hyperref Info: Backreferencing OFF on input line 4567.
Package hyperref Info: Implicit mode OFF; no redefinition of LaTeX internals.
Package hyperref Info: Bookmarks ON on input line 4800.
\c@Hy@tempcnt=\count279
(/usr/share/texlive/texmf-dist/tex/latex/url/url.sty
\Urlmuskip=\muskip16
Package: url 2013/09/16  ver 3.4  Verb mode for urls, etc.
)
LaTeX Info: Redefining \url on input line 5159.
\XeTeXLinkMargin=\dimen198
(/usr/share/texlive/texmf-dist/tex/generic/bitset/bitset.sty
Package: bitset 2019/12/09 v1.3 Handle bit-vector datatype (HO)
(/usr/share/texlive/texmf-dist/tex/generic/bigintcalc/bigintcalc.sty
Package: bigintcalc 2019/12/15 v1.5 Expandable calculations on big integers (HO
)
))
\Fld@menulength=\count280
\Field@Width=\dimen199
\Fld@charsize=\dimen256
Package hyperref Info: Hyper figures OFF on input line 6430.
Package hyperref Info: Link nesting OFF on input line 6435.
Package hyperref Info: Hyper index ON on input line 6438.
Package hyperref Info: backreferencing OFF on input line 6445.
Package hyperref Info: Link coloring OFF on input line 6450.
Package hyperref Info: Link coloring with OCG OFF on input line 6455.
Package hyperref Info: PDF/A mode OFF on input line 6460.
LaTeX Info: Redefining \ref on input line 6500.
LaTeX Info: Redefining \pageref on input line 6504.
\Hy@abspage=\count281

Package hyperref Message: Stopped early.

)
Package hyperref Info: Driver (autodetected): hpdftex.
(/usr/share/texlive/texmf-dist/tex/latex/hyperref/hpdftex.def
File: hpdftex.def 2020/01/14 v7.00d Hyperref driver for pdfTeX
(/usr/share/texlive/texmf-dist/tex/latex/atveryend/atveryend.sty
Package: atveryend 2019-12-11 v1.11 Hooks at the very end of document (HO)
)
\Fld@listcount=\count282
\c@bookmark@seq@number=\count283
(/usr/share/texlive/texmf-dist/tex/latex/rerunfilecheck/rerunfilecheck.sty
Package: rerunfilecheck 2019/12/05 v1.9 Rerun checks for auxiliary files (HO)
(/usr/share/texlive/texmf-dist/tex/generic/uniquecounter/uniquecounter.sty
Package: uniquecounter 2019/12/15 v1.4 Provide unlimited unique counter (HO)
)
Package uniquecounter Info: New unique counter `rerunfilecheck' on input line 2
86.
)) (/usr/share/texlive/texmf-dist/tex/latex/beamer/beamerbaserequires.sty (/usr
/share/texlive/texmf-dist/tex/latex/beamer/beamerbasecompatibility.sty) (/usr/s
hare/texlive/texmf-dist/tex/latex/beamer/beamerbasefont.sty (/usr/share/texlive
/texmf-dist/tex/latex/amsfonts/amssymb.sty
Package: amssymb 2013/01/14 v3.01 AMS font symbols
(/usr/share/texlive/texmf-dist/tex/latex/amsfonts/amsfonts.sty
Package: amsfonts 2013/01/14 v3.01 Basic AMSFonts support
\@emptytoks=\toks26
\symAMSa=\mathgroup4
\symAMSb=\mathgroup5
LaTeX Font Info:    Redeclaring math symbol \hbar on input line 98.
LaTeX Font Info:    Overwriting math alphabet `\mathfrak' in version `bold'
(Font)                  U/euf/m/n --> U/euf/b/n on input line 106.
))) (/usr/share/texlive/texmf-dist/tex/latex/beamer/beamerbasetranslator.sty (/
usr/share/texlive/texmf-dist/tex/latex/translator/translator.sty
Package: translator 2019-05-31 v1.12a Easy translation of strings in LaTeX
)) (/usr/share/texlive/texmf-dist/tex/latex/beamer/beamerbasemisc.sty) (/usr/sh
are/texlive/texmf-dist/tex/latex/beamer/beamerbasetwoscreens.sty) (/usr/share/t
exlive/texmf-dist/tex/latex/beamer/beamerbaseoverlay.sty
\beamer@argscount=\count284
\beamer@lastskipcover=\skip50
\beamer@trivlistdepth=\count285
) (/usr/share/texlive/texmf-dist/tex/latex/beamer/beamerbasetitle.sty) (/usr/sh
are/texlive/texmf-dist/tex/latex/beamer/beamerbasesection.sty
\c@lecture=\count286
\c@part=\count287
\c@section=\count288
\c@subsection=\count289
\c@subsubsection=\count290
) (/usr/share/texlive/texmf-dist/tex/latex/beamer/beamerbaseframe.sty
\beamer@framebox=\box60
\beamer@frametitlebox=\box61
\beamer@zoombox=\box62
\beamer@zoomcount=\count291
\beamer@zoomframecount=\count292
\beamer@frametextheight=\dimen257
\c@subsectionslide=\count293
\beamer@frametopskip=\skip51
\beamer@framebottomskip=\skip52
\beamer@frametopskipautobreak=\skip53
\beamer@framebottomskipautobreak=\skip54
\beamer@envbody=\toks27
\framewidth=\dimen258
\c@framenumber=\count294
) (/usr/share/texlive/texmf-dist/tex/latex/beamer/beamerbaseverbatim.sty
\beamer@verbatimfileout=\write4
) (/usr/share/texlive/texmf-dist/tex/latex/beamer/beamerbaseframesize.sty
\beamer@splitbox=\box63
\beamer@autobreakcount=\count295
\beamer@autobreaklastheight=\dimen259
\beamer@frametitletoks=\toks28
\beamer@framesubtitletoks=\toks29
) (/usr/share/texlive/texmf-dist/tex/latex/beamer/beamerbaseframecomponents.sty
\beamer@footins=\box64
) (/usr/share/texlive/texmf-dist/tex/latex/beamer/beamerbasecolor.sty) (/usr/sh
are/texlive/texmf-dist/tex/latex/beamer/beamerbasenotes.sty
\beamer@frameboxcopy=\box65
) (/usr/share/texlive/texmf-dist/tex/latex/beamer/beamerbasetoc.sty) (/usr/shar
e/texlive/texmf-dist/tex/latex/beamer/beamerbasetemplates.sty
\beamer@sbttoks=\toks30
(/usr/share/texlive/texmf-dist/tex/latex/beamer/beamerbaseauxtemplates.sty (/us
r/share/texlive/texmf-dist/tex/latex/beamer/beamerbaseboxes.sty
\bmb@box=\box66
\bmb@colorbox=\box67
\bmb@boxshadow=\box68
\bmb@boxshadowball=\box69
\bmb@boxshadowballlarge=\box70
\bmb@temp=\dimen260
\bmb@dima=\dimen261
\bmb@dimb=\dimen262
\bmb@prevheight=\dimen263
)
\beamer@blockheadheight=\dimen264
)) (/usr/share/texlive/texmf-dist/tex/latex/beamer/beamerbaselocalstructure.sty
(/usr/share/texlive/texmf-dist/tex/latex/tools/enumerate.sty
Package: enumerate 2015/07/23 v3.00 enumerate extensions (DPC)
\@enLab=\toks31
)
\c@figure=\count296
\c@table=\count297
\abovecaptionskip=\skip55
\belowcaptionskip=\skip56
) (/usr/share/texlive/texmf-dist/tex/latex/beamer/beamerbasenavigation.sty
\beamer@section@min@dim=\dimen265
) (/usr/share/texlive/texmf-dist/tex/latex/beamer/beamerbasetheorems.sty (/usr/
share/texlive/texmf-dist/tex/latex/amsmath/amsmath.sty
Package: amsmath 2020/01/20 v2.17e AMS math features
\@mathmargin=\skip57
For additional information on amsmath, use the `?' option.
(/usr/share/texlive/texmf-dist/tex/latex/amsmath/amstext.sty
Package: amstext 2000/06/29 v2.01 AMS text
(/usr/share/texlive/texmf-dist/tex/latex/amsmath/amsgen.sty
File: amsgen.sty 1999/11/30 v2.0 generic functions
\@emptytoks=\toks32
\ex@=\dimen266
)) (/usr/share/texlive/texmf-dist/tex/latex/amsmath/amsbsy.sty
Package: amsbsy 1999/11/29 v1.2d Bold Symbols
\pmbraise@=\dimen267
) (/usr/share/texlive/texmf-dist/tex/latex/amsmath/amsopn.sty
Package: amsopn 2016/03/08 v2.02 operator names
)
\inf@bad=\count298
LaTeX Info: Redefining \frac on input line 227.
\uproot@=\count299
\leftroot@=\count300
LaTeX Info: Redefining \overline on input line 389.
\classnum@=\count301
\DOTSCASE@=\count302
LaTeX Info: Redefining \ldots on input line 486.
LaTeX Info: Redefining \dots on input line 489.
LaTeX Info: Redefining \cdots on input line 610.
\Mathstrutbox@=\box71
\strutbox@=\box72
\big@size=\dimen268
LaTeX Font Info:    Redeclaring font encoding OML on input line 733.
LaTeX Font Info:    Redeclaring font encoding OMS on input line 734.
\macc@depth=\count303
\c@MaxMatrixCols=\count304
\dotsspace@=\muskip17
\c@parentequation=\count305
\dspbrk@lvl=\count306
\tag@help=\toks33
\row@=\count307
\column@=\count308
\maxfields@=\count309
\andhelp@=\toks34
\eqnshift@=\dimen269
\alignsep@=\dimen270
\tagshift@=\dimen271
\tagwidth@=\dimen272
\totwidth@=\dimen273
\lineht@=\dimen274
\@envbody=\toks35
\multlinegap=\skip58
\multlinetaggap=\skip59
\mathdisplay@stack=\toks36
LaTeX Info: Redefining \[ on input line 2859.
LaTeX Info: Redefining \] on input line 2860.
) (/usr/share/texlive/texmf-dist/tex/latex/amscls/amsthm.sty
Package: amsthm 2017/10/31 v2.20.4
\thm@style=\toks37
\thm@bodyfont=\toks38
\thm@headfont=\toks39
\thm@notefont=\toks40
\thm@headpunct=\toks41
\thm@preskip=\skip60
\thm@postskip=\skip61
\thm@headsep=\skip62
\dth@everypar=\toks42
)
\c@theorem=\count310
) (/usr/share/texlive/texmf-dist/tex/latex/beamer/beamerbasethemes.sty)) (/usr/
share/texlive/texmf-dist/tex/latex/beamer/beamerthemedefault.sty (/usr/share/te
xlive/texmf-dist/tex/latex/beamer/beamerfontthemedefault.sty) (/usr/share/texli
ve/texmf-dist/tex/latex/beamer/beamercolorthemedefault.sty) (/usr/share/texlive
/texmf-dist/tex/latex/beamer/beamerinnerthemedefault.sty
\beamer@dima=\dimen275
\beamer@dimb=\dimen276
) (/usr/share/texlive/texmf-dist/tex/latex/beamer/beamerouterthemedefault.sty))
) (/usr/share/texlive/texmf-dist/tex/latex/pgf/utilities/pgfpages.sty
Package: pgfpages 2011/01/05 ver 0.02
(/usr/share/texlive/texmf-dist/tex/latex/tools/calc.sty
Package: calc 2017/05/25 v4.3 Infix arithmetic (KKT,FJ)
\calc@Acount=\count311
\calc@Bcount=\count312
\calc@Adimen=\dimen277
\calc@Bdimen=\dimen278
\calc@Askip=\skip63
\calc@Bskip=\skip64
LaTeX Info: Redefining \setlength on input line 80.
LaTeX Info: Redefining \addtolength on input line 81.
\calc@Ccount=\count313
\calc@Cskip=\skip65
)
\pgf@logicalpages=\count314
\pgf@firstshipout=\count315
\pgf@lastshipout=\count316
\pgf@currentshipout=\count317
\pgf@cpn=\count318
\pgf@shipoutnextto=\count319
\pgfphysicalheight=\dimen279
\pgfphysicalwidth=\dimen280
\pgfpages@shipoutbox=\box73
) (/usr/share/texmf/tex/latex/lm/lmodern.sty
Package: lmodern 2009/10/30 v1.6 Latin Modern Fonts
LaTeX Font Info:    Overwriting symbol font `operators' in version `normal'
(Font)                  OT1/cmr/m/n --> OT1/lmr/m/n on input line 22.
LaTeX Font Info:    Overwriting symbol font `letters' in version `normal'
(Font)                  OML/cmm/m/it --> OML/lmm/m/it on input line 23.
LaTeX Font Info:    Overwriting symbol font `symbols' in version `normal'
(Font)                  OMS/cmsy/m/n --> OMS/lmsy/m/n on input line 24.
LaTeX Font Info:    Overwriting symbol font `largesymbols' in version `normal'
(Font)                  OMX/cmex/m/n --> OMX/lmex/m/n on input line 25.
LaTeX Font Info:    Overwriting symbol font `operators' in version `bold'
(Font)                  OT1/cmr/bx/n --> OT1/lmr/bx/n on input line 26.
LaTeX Font Info:    Overwriting symbol font `letters' in version `bold'
(Font)                  OML/cmm/b/it --> OML/lmm/b/it on input line 27.
LaTeX Font Info:    Overwriting symbol font `symbols' in version `bold'
(Font)                  OMS/cmsy/b/n --> OMS/lmsy/b/n on input line 28.
LaTeX Font Info:    Overwriting symbol font `largesymbols' in version `bold'
(Font)                  OMX/cmex/m/n --> OMX/lmex/m/n on input line 29.
LaTeX Font Info:    Overwriting math alphabet `\mathbf' in version `normal'
(Font)                  OT1/cmr/bx/n --> OT1/lmr/bx/n on input line 31.
LaTeX Font Info:    Overwriting math alphabet `\mathsf' in version `normal'
(Font)                  OT1/cmss/m/n --> OT1/lmss/m/n on input line 32.
LaTeX Font Info:    Overwriting math alphabet `\mathit' in version `normal'
(Font)                  OT1/cmr/m/it --> OT1/lmr/m/it on input line 33.
LaTeX Font Info:    Overwriting math alphabet `\mathtt' in version `normal'
(Font)                  OT1/cmtt/m/n --> OT1/lmtt/m/n on input line 34.
LaTeX Font Info:    Overwriting math alphabet `\mathbf' in version `bold'
(Font)                  OT1/cmr/bx/n --> OT1/lmr/bx/n on input line 35.
LaTeX Font Info:    Overwriting math alphabet `\mathsf' in version `bold'
(Font)                  OT1/cmss/bx/n --> OT1/lmss/bx/n on input line 36.
LaTeX Font Info:    Overwriting math alphabet `\mathit' in version `bold'
(Font)                  OT1/cmr/bx/it --> OT1/lmr/bx/it on input line 37.
LaTeX Font Info:    Overwriting math alphabet `\mathtt' in version `bold'
(Font)                  OT1/cmtt/m/n --> OT1/lmtt/m/n on input line 38.
) (/usr/share/texlive/texmf-dist/tex/latex/base/fontenc.sty
Package: fontenc 2020/02/11 v2.0o Standard LaTeX package
LaTeX Font Info:    Trying to load font information for T1+lmr on input line 11
2.
(/usr/share/texmf/tex/latex/lm/t1lmr.fd
File: t1lmr.fd 2009/10/30 v1.6 Font defs for Latin Modern
)) (/usr/share/texlive/texmf-dist/tex/latex/base/inputenc.sty
Package: inputenc 2018/08/11 v1.3c Input encoding file
\inpenc@prehook=\toks43
\inpenc@posthook=\toks44
) (/usr/share/texlive/texmf-dist/tex/latex/base/textcomp.sty
Package: textcomp 2020/02/02 v2.0n Standard LaTeX package
) (/usr/share/texlive/texmf-dist/tex/latex/upquote/upquote.sty
Package: upquote 2012/04/19 v1.3 upright-quote and grave-accent glyphs in verba
tim
) (/usr/share/texlive/texmf-dist/tex/latex/microtype/microtype.sty
Package: microtype 2019/11/18 v2.7d Micro-typographical refinements (RS)
\MT@toks=\toks45
\MT@count=\count320
LaTeX Info: Redefining \textls on input line 790.
\MT@outer@kern=\dimen281
LaTeX Info: Redefining \textmicrotypecontext on input line 1354.
\MT@listname@count=\count321
(/usr/share/texlive/texmf-dist/tex/latex/microtype/microtype-pdftex.def
File: microtype-pdftex.def 2019/11/18 v2.7d Definitions specific to pdftex (RS)

LaTeX Info: Redefining \lsstyle on input line 914.
LaTeX Info: Redefining \lslig on input line 914.
\MT@outer@space=\skip66
)
Package microtype Info: Loading configuration file microtype.cfg.
(/usr/share/texlive/texmf-dist/tex/latex/microtype/microtype.cfg
File: microtype.cfg 2019/11/18 v2.7d microtype main configuration file (RS)
)) (/usr/share/texlive/texmf-dist/tex/latex/parskip/parskip.sty
Package: parskip 2020-01-22 v2.0d non-zero parskip adjustments
) (/usr/share/texlive/texmf-dist/tex/latex/xurl/xurl.sty
Package: xurl 2020/01/24 v 0.09 modify URL breaks
) (/usr/share/texlive/texmf-dist/tex/latex/bookmark/bookmark.sty
Package: bookmark 2019/12/03 v1.28 PDF bookmarks (HO)
(/usr/share/texlive/texmf-dist/tex/latex/bookmark/bkm-pdftex.def
File: bkm-pdftex.def 2019/12/03 v1.28 bookmark driver for pdfTeX (HO)
\BKM@id=\count322
)) (/usr/share/texlive/texmf-dist/tex/generic/babel/babel.sty
Package: babel 2020/02/14 3.40 The Babel package
(/usr/share/texlive/texmf-dist/tex/generic/babel/switch.def
File: switch.def 2020/02/14 3.40 Babel switching mechanism
)
Package babel Info: You haven't specified a language. I'll use 'nil'
(babel)             as the main language. Reported on input line 572.
(/usr/share/texlive/texmf-dist/tex/generic/babel/nil.ldf
Language: nil 2020/02/14 3.40 Nil language
(/usr/share/texlive/texmf-dist/tex/generic/babel/babel.def
File: babel.def 2020/02/14 3.40 Babel common definitions
\babel@savecnt=\count323
\U@D=\dimen282
(/usr/share/texlive/texmf-dist/tex/generic/babel/txtbabel.def)
\bbl@readstream=\read3
LaTeX Info: Redefining \textlatin on input line 2319.
\bbl@dirlevel=\count324
)
\l@nil=\language85
))
\everypar=\toks46
(/usr/share/texlive/texmf-dist/tex/generic/babel/locale/pt/babel-brazilian.tex
(/usr/share/texlive/texmf-dist/tex/generic/babel/locale/pt/babel-portuguese-bra
zil.tex))
Package babel Info: Importing data for brazilian
(babel)             from babel-pt-BR.ini. Reported on input line 110.
Package babel Info: \l@brazilian = using hyphenrules for portuguese
(babel)             (\language48) on input line 110.
(/usr/share/texlive/texmf-dist/tex/latex/iwona/iwona.sty
Package: iwona 2005/10/03 v.1.2 Iwona package (MW)
\c@mv@iwona=\count325
\c@mv@iwonabold=\count326
LaTeX Font Info:    Overwriting symbol font `operators' in version `iwona'
(Font)                  OT1/cmr/m/n --> OT1/iwonalm/m/n on input line 58.
LaTeX Font Info:    Overwriting symbol font `letters' in version `iwona'
(Font)                  OML/cmm/m/it --> OML/iwonal/m/it on input line 59.
LaTeX Font Info:    Overwriting symbol font `symbols' in version `iwona'
(Font)                  OMS/cmsy/m/n --> OMS/iwonal/m/n on input line 60.
LaTeX Font Info:    Overwriting symbol font `largesymbols' in version `iwona'
(Font)                  OMX/cmex/m/n --> OMX/iwonal/m/n on input line 61.
LaTeX Font Info:    Overwriting symbol font `operators' in version `iwonabold'
(Font)                  OT1/cmr/m/n --> OT1/iwonalm/b/n on input line 62.
LaTeX Font Info:    Overwriting symbol font `letters' in version `iwonabold'
(Font)                  OML/cmm/m/it --> OML/iwonal/b/it on input line 63.
LaTeX Font Info:    Overwriting symbol font `symbols' in version `iwonabold'
(Font)                  OMS/cmsy/m/n --> OMS/iwonal/b/n on input line 64.
LaTeX Font Info:    Overwriting symbol font `largesymbols' in version `iwonabol
d'
(Font)                  OMX/cmex/m/n --> OMX/iwonal/b/n on input line 65.
LaTeX Font Info:    Overwriting math alphabet `\mathbf' in version `iwona'
(Font)                  OT1/cmr/bx/n --> OT1/iwonal/bx/n on input line 67.
LaTeX Font Info:    Overwriting math alphabet `\mathsf' in version `iwona'
(Font)                  OT1/cmss/m/n --> OT1/iwonal/m/n on input line 68.
LaTeX Font Info:    Overwriting math alphabet `\mathit' in version `iwona'
(Font)                  OT1/cmr/m/it --> OT1/iwonal/m/it on input line 69.
LaTeX Font Info:    Overwriting math alphabet `\mathtt' in version `iwona'
(Font)                  OT1/cmtt/m/n --> OT1/iwonal/m/n on input line 70.
LaTeX Font Info:    Overwriting math alphabet `\mathsf' in version `iwonabold'
(Font)                  OT1/cmss/m/n --> OT1/iwonal/bx/n on input line 71.
LaTeX Font Info:    Overwriting math alphabet `\mathit' in version `iwonabold'
(Font)                  OT1/cmr/m/it --> OT1/iwonal/bx/it on input line 72.
) (/usr/share/texlive/texmf-dist/tex/latex/fira/FiraSans.sty
Package: FiraSans 2019/10/10 (Bob Tennent and autoinst) Style file for Fira San
s fonts.
(/usr/share/texlive/texmf-dist/tex/generic/iftex/ifxetex.sty
Package: ifxetex 2019/10/25 v0.7 ifxetex legacy package. Use iftex instead.
) (/usr/share/texlive/texmf-dist/tex/generic/iftex/ifluatex.sty
Package: ifluatex 2019/10/25 v1.5 ifluatex legacy package. Use iftex instead.
) (/usr/share/texlive/texmf-dist/tex/latex/xkeyval/xkeyval.sty
Package: xkeyval 2014/12/03 v2.7a package option processing (HA)
(/usr/share/texlive/texmf-dist/tex/generic/xkeyval/xkeyval.tex (/usr/share/texl
ive/texmf-dist/tex/generic/xkeyval/xkvutils.tex
\XKV@toks=\toks47
\XKV@tempa@toks=\toks48
)
\XKV@depth=\count327
File: xkeyval.tex 2014/12/03 v2.7a key=value parser (HA)
)) (/usr/share/texlive/texmf-dist/tex/latex/fontaxes/fontaxes.sty
Package: fontaxes 2014/03/23 v1.0d Font selection axes
LaTeX Info: Redefining \upshape on input line 29.
LaTeX Info: Redefining \itshape on input line 31.
LaTeX Info: Redefining \slshape on input line 33.
LaTeX Info: Redefining \swshape on input line 35.
LaTeX Info: Redefining \scshape on input line 37.
LaTeX Info: Redefining \sscshape on input line 39.
LaTeX Info: Redefining \ulcshape on input line 41.
LaTeX Info: Redefining \textsw on input line 47.
LaTeX Info: Redefining \textssc on input line 48.
LaTeX Info: Redefining \textulc on input line 49.
)) (/usr/share/texlive/texmf-dist/tex/latex/base/fontenc.sty
Package: fontenc 2020/02/11 v2.0o Standard LaTeX package
LaTeX Font Info:    Trying to load font information for T1+FiraSans-OsF on inpu
t line 112.
(/usr/share/texlive/texmf-dist/tex/latex/fira/T1FiraSans-OsF.fd
File: T1FiraSans-OsF.fd 2019/10/10 (autoinst) Font definitions for T1/FiraSans-
OsF.
)
LaTeX Font Info:    Font shape `T1/FiraSans-OsF/l/n' in size <10.95> not availa
ble
(Font)              Font shape `T1/FiraSans-OsF/light/n' tried instead on input
 line 112.
LaTeX Font Info:    Font shape `T1/FiraSans-OsF/light/n' will be
(Font)              scaled to size 10.95pt on input line 112.
) (/usr/share/texlive/texmf-dist/tex/latex/inconsolata/inconsolata.sty
Package: inconsolata 2019/05/17 v1.12
`inconsolata-zi4' v1.12, 2019/05/17 Text macros for Inconsolata (msharpe)
\zifour@ocount=\count328
) (/usr/share/texlive/texmf-dist/tex/latex/cancel/cancel.sty
Package: cancel 2013/04/12 v2.2 Cancel math terms
) (/usr/share/texlive/texmf-dist/tex/latex/base/fixltx2e.sty
Package: fixltx2e 2016/12/29 v2.1a fixes to LaTeX (obsolete)
Applying: [2015/01/01] Old fixltx2e package on input line 46.

Package fixltx2e Warning: fixltx2e is not required with releases after 2015
(fixltx2e)                All fixes are now in the LaTeX kernel.
(fixltx2e)                See the latexrelease package for details.

Already applied: [0000/00/00] Old fixltx2e package on input line 53.
) (/usr/share/texlive/texmf-dist/tex/latex/setspace/setspace.sty
Package: setspace 2011/12/19 v6.7a set line spacing
) (/usr/share/texlive/texmf-dist/tex/latex/comment/comment.sty
\CommentStream=\write5
Excluding comment 'comment') (/usr/share/texlive/texmf-dist/tex/latex/was/icomm
a.sty
Package: icomma 2002/03/10 v2.0 (WaS)
) (/usr/share/texlive/texmf-dist/tex/latex/caption/caption.sty
Package: caption 2020/01/03 v3.4h Customizing captions (AR)
(/usr/share/texlive/texmf-dist/tex/latex/caption/caption3.sty
Package: caption3 2020/01/03 v1.8h caption3 kernel (AR)
Package caption3 Info: TeX engine: e-TeX on input line 61.
\captionmargin=\dimen283
\captionmargin@=\dimen284
\captionwidth=\dimen285
\caption@tempdima=\dimen286
\caption@indent=\dimen287
\caption@parindent=\dimen288
\caption@hangindent=\dimen289
Package caption Info: beamer document class detected.
)
\c@caption@flags=\count329
\c@continuedfloat=\count330
Package caption Info: beamer document class.
Package caption Info: hyperref package is loaded.
Package caption Info: Hyperref support is turned off
(caption)             because hyperref has stopped early.
) (/usr/share/texlive/texmf-dist/tex/latex/pgf/frontendlayer/tikz.sty (/usr/sha
re/texlive/texmf-dist/tex/latex/pgf/basiclayer/pgf.sty
Package: pgf 2020/01/08 v3.1.5b (3.1.5b)

(/usr/share/texlive/texmf-dist/tex/generic/pgf/modules/pgfmoduleshapes.code.tex
File: pgfmoduleshapes.code.tex 2020/01/08 v3.1.5b (3.1.5b)
\pgfnodeparttextbox=\box74
) (/usr/share/texlive/texmf-dist/tex/generic/pgf/modules/pgfmoduleplot.code.tex
File: pgfmoduleplot.code.tex 2020/01/08 v3.1.5b (3.1.5b)
)
(/usr/share/texlive/texmf-dist/tex/latex/pgf/compatibility/pgfcomp-version-0-65
.sty
Package: pgfcomp-version-0-65 2020/01/08 v3.1.5b (3.1.5b)
\pgf@nodesepstart=\dimen290
\pgf@nodesepend=\dimen291
)
(/usr/share/texlive/texmf-dist/tex/latex/pgf/compatibility/pgfcomp-version-1-18
.sty
Package: pgfcomp-version-1-18 2020/01/08 v3.1.5b (3.1.5b)
)) (/usr/share/texlive/texmf-dist/tex/latex/pgf/utilities/pgffor.sty (/usr/shar
e/texlive/texmf-dist/tex/latex/pgf/utilities/pgfkeys.sty (/usr/share/texlive/te
xmf-dist/tex/generic/pgf/utilities/pgfkeys.code.tex)) (/usr/share/texlive/texmf
-dist/tex/latex/pgf/math/pgfmath.sty (/usr/share/texlive/texmf-dist/tex/generic
/pgf/math/pgfmath.code.tex)) (/usr/share/texlive/texmf-dist/tex/generic/pgf/uti
lities/pgffor.code.tex
Package: pgffor 2020/01/08 v3.1.5b (3.1.5b)
(/usr/share/texlive/texmf-dist/tex/generic/pgf/math/pgfmath.code.tex)
\pgffor@iter=\dimen292
\pgffor@skip=\dimen293
\pgffor@stack=\toks49
\pgffor@toks=\toks50
))
(/usr/share/texlive/texmf-dist/tex/generic/pgf/frontendlayer/tikz/tikz.code.tex
Package: tikz 2020/01/08 v3.1.5b (3.1.5b)

(/usr/share/texlive/texmf-dist/tex/generic/pgf/libraries/pgflibraryplothandlers
.code.tex
File: pgflibraryplothandlers.code.tex 2020/01/08 v3.1.5b (3.1.5b)
\pgf@plot@mark@count=\count331
\pgfplotmarksize=\dimen294
)
\tikz@lastx=\dimen295
\tikz@lasty=\dimen296
\tikz@lastxsaved=\dimen297
\tikz@lastysaved=\dimen298
\tikz@lastmovetox=\dimen299
\tikz@lastmovetoy=\dimen300
\tikzleveldistance=\dimen301
\tikzsiblingdistance=\dimen302
\tikz@figbox=\box75
\tikz@figbox@bg=\box76
\tikz@tempbox=\box77
\tikz@tempbox@bg=\box78
\tikztreelevel=\count332
\tikznumberofchildren=\count333
\tikznumberofcurrentchild=\count334
\tikz@fig@count=\count335

(/usr/share/texlive/texmf-dist/tex/generic/pgf/modules/pgfmodulematrix.code.tex
File: pgfmodulematrix.code.tex 2020/01/08 v3.1.5b (3.1.5b)
\pgfmatrixcurrentrow=\count336
\pgfmatrixcurrentcolumn=\count337
\pgf@matrix@numberofcolumns=\count338
)
\tikz@expandcount=\count339

(/usr/share/texlive/texmf-dist/tex/generic/pgf/frontendlayer/tikz/libraries/tik
zlibrarytopaths.code.tex
File: tikzlibrarytopaths.code.tex 2020/01/08 v3.1.5b (3.1.5b)
))) (/usr/share/texlive/texmf-dist/tex/latex/pgfplots/pgfplots.sty (/usr/share/
texlive/texmf-dist/tex/generic/pgfplots/pgfplots.revision.tex)
Package: pgfplots 2018/03/28 v1.16 Data Visualization (1.16)
(/usr/share/texlive/texmf-dist/tex/generic/pgfplots/pgfplots.code.tex (/usr/sha
re/texlive/texmf-dist/tex/generic/pgfplots/pgfplotscore.code.tex
\t@pgfplots@toka=\toks51
\t@pgfplots@tokb=\toks52
\t@pgfplots@tokc=\toks53
\pgfplots@tmpa=\dimen303
\c@pgfplots@coordindex=\count340
\c@pgfplots@scanlineindex=\count341

(/usr/share/texlive/texmf-dist/tex/generic/pgfplots/sys/pgfplotssysgeneric.code
.tex))
(/usr/share/texlive/texmf-dist/tex/generic/pgfplots/libs/pgfplotslibrary.code.t
ex)
(/usr/share/texlive/texmf-dist/tex/generic/pgfplots/oldpgfcompatib/pgfplotsoldp
gfsupp_loader.code.tex
(/usr/share/texlive/texmf-dist/tex/generic/pgf/libraries/pgflibraryfpu.code.tex
)) (/usr/share/texlive/texmf-dist/tex/generic/pgfplots/util/pgfplotsutil.code.t
ex
(/usr/share/texlive/texmf-dist/tex/generic/pgfplots/liststructure/pgfplotslists
tructure.code.tex)
(/usr/share/texlive/texmf-dist/tex/generic/pgfplots/liststructure/pgfplotslists
tructureext.code.tex)
(/usr/share/texlive/texmf-dist/tex/generic/pgfplots/liststructure/pgfplotsarray
.code.tex
\c@pgfplotsarray@tmp=\count342
)
(/usr/share/texlive/texmf-dist/tex/generic/pgfplots/liststructure/pgfplotsmatri
x.code.tex)
(/usr/share/texlive/texmf-dist/tex/generic/pgfplots/numtable/pgfplotstableshare
d.code.tex
\c@pgfplotstable@counta=\count343
\t@pgfplotstable@a=\toks54
)
(/usr/share/texlive/texmf-dist/tex/generic/pgfplots/liststructure/pgfplotsdeque
.code.tex)
(/usr/share/texlive/texmf-dist/tex/generic/pgfplots/util/pgfplotsbinary.code.te
x
(/usr/share/texlive/texmf-dist/tex/generic/pgfplots/util/pgfplotsbinary.data.co
de.tex))
(/usr/share/texlive/texmf-dist/tex/generic/pgfplots/util/pgfplotsutil.verb.code
.tex)
(/usr/share/texlive/texmf-dist/tex/generic/pgfplots/libs/pgflibrarypgfplots.sur
fshading.code.tex
\c@pgfplotslibrarysurf@no=\count344

(/usr/share/texlive/texmf-dist/tex/generic/pgfplots/sys/pgflibrarypgfplots.surf
shading.pgfsys-pdftex.def)))
(/usr/share/texlive/texmf-dist/tex/generic/pgfplots/util/pgfplotscolormap.code.
tex
(/usr/share/texlive/texmf-dist/tex/generic/pgfplots/util/pgfplotscolor.code.tex
))
(/usr/share/texlive/texmf-dist/tex/generic/pgfplots/pgfplotsstackedplots.code.t
ex)
(/usr/share/texlive/texmf-dist/tex/generic/pgfplots/pgfplotsplothandlers.code.t
ex
(/usr/share/texlive/texmf-dist/tex/generic/pgfplots/pgfplotsmeshplothandler.cod
e.tex
(/usr/share/texlive/texmf-dist/tex/generic/pgfplots/pgfplotsmeshplotimage.code.
tex))) (/usr/share/texlive/texmf-dist/tex/generic/pgfplots/pgfplots.scaling.cod
e.tex)
(/usr/share/texlive/texmf-dist/tex/generic/pgfplots/pgfplotscoordprocessing.cod
e.tex)
(/usr/share/texlive/texmf-dist/tex/generic/pgfplots/pgfplots.errorbars.code.tex
) (/usr/share/texlive/texmf-dist/tex/generic/pgfplots/pgfplots.markers.code.tex
) (/usr/share/texlive/texmf-dist/tex/generic/pgfplots/pgfplotsticks.code.tex) (
/usr/share/texlive/texmf-dist/tex/generic/pgfplots/pgfplots.paths.code.tex)
(/usr/share/texlive/texmf-dist/tex/generic/pgf/frontendlayer/tikz/libraries/tik
zlibrarydecorations.code.tex
(/usr/share/texlive/texmf-dist/tex/generic/pgf/modules/pgfmoduledecorations.cod
e.tex
\pgfdecoratedcompleteddistance=\dimen304
\pgfdecoratedremainingdistance=\dimen305
\pgfdecoratedinputsegmentcompleteddistance=\dimen306
\pgfdecoratedinputsegmentremainingdistance=\dimen307
\pgf@decorate@distancetomove=\dimen308
\pgf@decorate@repeatstate=\count345
\pgfdecorationsegmentamplitude=\dimen309
\pgfdecorationsegmentlength=\dimen310
)
\tikz@lib@dec@box=\box79
)
(/usr/share/texlive/texmf-dist/tex/generic/pgf/frontendlayer/tikz/libraries/tik
zlibrarydecorations.pathmorphing.code.tex
(/usr/share/texlive/texmf-dist/tex/generic/pgf/libraries/decorations/pgflibrary
decorations.pathmorphing.code.tex))
(/usr/share/texlive/texmf-dist/tex/generic/pgf/frontendlayer/tikz/libraries/tik
zlibrarydecorations.pathreplacing.code.tex
(/usr/share/texlive/texmf-dist/tex/generic/pgf/libraries/decorations/pgflibrary
decorations.pathreplacing.code.tex))
\pgfplots@numplots=\count346
\pgfplots@xmin@reg=\dimen311
\pgfplots@xmax@reg=\dimen312
\pgfplots@ymin@reg=\dimen313
\pgfplots@ymax@reg=\dimen314
\pgfplots@zmin@reg=\dimen315
\pgfplots@zmax@reg=\dimen316
)
(/usr/share/texlive/texmf-dist/tex/generic/pgf/frontendlayer/tikz/libraries/tik
zlibraryplotmarks.code.tex
File: tikzlibraryplotmarks.code.tex 2020/01/08 v3.1.5b (3.1.5b)

(/usr/share/texlive/texmf-dist/tex/generic/pgf/libraries/pgflibraryplotmarks.co
de.tex
File: pgflibraryplotmarks.code.tex 2020/01/08 v3.1.5b (3.1.5b)
))) (/usr/share/texlive/texmf-dist/tex/latex/multirow/multirow.sty
Package: multirow 2019/05/31 v2.5 Span multiple rows of a table
\multirow@colwidth=\skip67
\multirow@cntb=\count347
\multirow@dima=\skip68
\bigstrutjot=\dimen317
)
Package hyperref Info: Option `colorlinks' set `true' on input line 333.
(/usr/share/texlive/texmf-dist/tex/latex/beamer/beamerthemeBoadilla.sty (/usr/s
hare/texlive/texmf-dist/tex/latex/beamer/beamercolorthemerose.sty) (/usr/share/
texlive/texmf-dist/tex/latex/beamer/beamerinnerthemerounded.sty) (/usr/share/te
xlive/texmf-dist/tex/latex/beamer/beamercolorthemedolphin.sty) (/usr/share/texl
ive/texmf-dist/tex/latex/beamer/beamerouterthemeinfolines.sty)) (/usr/share/tex
live/texmf-dist/tex/latex/changepage/changepage.sty
Package: changepage 2009/10/20 v1.0c check page and change page layout
\c@cp@cntr=\count348
\cp@tempcnt=\count349
) (/usr/share/texlive/texmf-dist/tex/latex/tcolorbox/tcolorbox.sty
Package: tcolorbox 2019/11/15 version 4.22 text color boxes
(/usr/share/texlive/texmf-dist/tex/latex/tools/verbatim.sty
Package: verbatim 2019/11/10 v1.5r LaTeX2e package for verbatim enhancements
\every@verbatim=\toks55
\verbatim@line=\toks56
\verbatim@in@stream=\read4
) (/usr/share/texlive/texmf-dist/tex/latex/environ/environ.sty
Package: environ 2014/05/04 v0.3 A new way to define environments
(/usr/share/texlive/texmf-dist/tex/latex/trimspaces/trimspaces.sty
Package: trimspaces 2009/09/17 v1.1 Trim spaces around a token list
))
\tcb@titlebox=\box80
\tcb@upperbox=\box81
\tcb@lowerbox=\box82
\tcb@phantombox=\box83
\c@tcbbreakpart=\count350
\c@tcblayer=\count351
\tcolorbox@number=\count352
\tcb@temp=\box84
\tcb@temp=\box85
\tcb@temp=\box86
\tcb@temp=\box87
\tcb@out=\write6
\tcb@record@out=\write7
) (/usr/share/texlive/texmf-dist/tex/latex/tools/xspace.sty
Package: xspace 2014/10/28 v1.13 Space after command names (DPC,MH)
) (/usr/share/texlive/texmf-dist/tex/latex/natbib/natbib.sty
Package: natbib 2010/09/13 8.31b (PWD, AO)
\bibhang=\skip69
\bibsep=\skip70
LaTeX Info: Redefining \cite on input line 694.
\c@NAT@ctr=\count353
)

Package hyperref Warning: Token not allowed in a PDF string (Unicode):
(hyperref)                removing `\newline' on input line 636.

(/usr/share/texlive/texmf-dist/tex/latex/l3backend/l3backend-pdfmode.def
File: l3backend-pdfmode.def 2020-02-03 L3 backend support: PDF mode
\l__kernel_color_stack_int=\count354
\l__pdf_internal_box=\box88
) (./defesa-lineu.aux

LaTeX Warning: Label `tab:my-table' multiply defined.

)
\openout1 = `defesa-lineu.aux'.

LaTeX Font Info:    Checking defaults for OML/cmm/m/it on input line 640.
LaTeX Font Info:    ... okay on input line 640.
LaTeX Font Info:    Checking defaults for OMS/cmsy/m/n on input line 640.
LaTeX Font Info:    ... okay on input line 640.
LaTeX Font Info:    Checking defaults for OT1/cmr/m/n on input line 640.
LaTeX Font Info:    ... okay on input line 640.
LaTeX Font Info:    Checking defaults for T1/cmr/m/n on input line 640.
LaTeX Font Info:    ... okay on input line 640.
LaTeX Font Info:    Checking defaults for TS1/cmr/m/n on input line 640.
LaTeX Font Info:    ... okay on input line 640.
LaTeX Font Info:    Checking defaults for OMX/cmex/m/n on input line 640.
LaTeX Font Info:    ... okay on input line 640.
LaTeX Font Info:    Checking defaults for U/cmr/m/n on input line 640.
LaTeX Font Info:    ... okay on input line 640.
LaTeX Font Info:    Checking defaults for PD1/pdf/m/n on input line 640.
LaTeX Font Info:    ... okay on input line 640.
LaTeX Font Info:    Checking defaults for PU/pdf/m/n on input line 640.
LaTeX Font Info:    ... okay on input line 640.
*geometry* driver: auto-detecting
*geometry* detected driver: pdftex
*geometry* verbose mode - [ preamble ] result:
* driver: pdftex
* paper: custom
* layout: <same size as paper>
* layoutoffset:(h,v)=(0.0pt,0.0pt)
* modes: includehead includefoot 
* h-part:(L,W,R)=(10.95pt, 433.34409pt, 10.95pt)
* v-part:(T,H,B)=(0.0pt, 256.0748pt, 0.0pt)
* \paperwidth=455.24408pt
* \paperheight=256.0748pt
* \textwidth=433.34409pt
* \textheight=227.62207pt
* \oddsidemargin=-61.31999pt
* \evensidemargin=-61.31999pt
* \topmargin=-72.26999pt
* \headheight=14.22636pt
* \headsep=0.0pt
* \topskip=11.0pt
* \footskip=14.22636pt
* \marginparwidth=4.0pt
* \marginparsep=10.0pt
* \columnsep=10.0pt
* \skip\footins=10.0pt plus 4.0pt minus 2.0pt
* \hoffset=0.0pt
* \voffset=0.0pt
* \mag=1000
* \@twocolumnfalse
* \@twosidefalse
* \@mparswitchfalse
* \@reversemarginfalse
* (1in=72.27pt=25.4mm, 1cm=28.453pt)

(/usr/share/texlive/texmf-dist/tex/context/base/mkii/supp-pdf.mkii
[Loading MPS to PDF converter (version 2006.09.02).]
\scratchcounter=\count355
\scratchdimen=\dimen318
\scratchbox=\box89
\nofMPsegments=\count356
\nofMParguments=\count357
\everyMPshowfont=\toks57
\MPscratchCnt=\count358
\MPscratchDim=\dimen319
\MPnumerator=\count359
\makeMPintoPDFobject=\count360
\everyMPtoPDFconversion=\toks58
) (/usr/share/texlive/texmf-dist/tex/latex/epstopdf-pkg/epstopdf-base.sty
Package: epstopdf-base 2020-01-24 v2.11 Base part for package epstopdf
Package epstopdf-base Info: Redefining graphics rule for `.eps' on input line 4
85.
(/usr/share/texlive/texmf-dist/tex/latex/latexconfig/epstopdf-sys.cfg
File: epstopdf-sys.cfg 2010/07/13 v1.3 Configuration of (r)epstopdf for TeX Liv
e
)) ABD: EveryShipout initializing macros
\AtBeginShipoutBox=\box90
Package hyperref Info: Link coloring ON on input line 640.
(/usr/share/texlive/texmf-dist/tex/latex/hyperref/nameref.sty
Package: nameref 2019/09/16 v2.46 Cross-referencing by name of section
(/usr/share/texlive/texmf-dist/tex/latex/refcount/refcount.sty
Package: refcount 2019/12/15 v3.6 Data extraction from label references (HO)
) (/usr/share/texlive/texmf-dist/tex/generic/gettitlestring/gettitlestring.sty
Package: gettitlestring 2019/12/15 v1.6 Cleanup title references (HO)
)
\c@section@level=\count361
)
LaTeX Info: Redefining \ref on input line 640.
LaTeX Info: Redefining \pageref on input line 640.
LaTeX Info: Redefining \nameref on input line 640.

(/usr/share/texlive/texmf-dist/tex/latex/translator/translator-basic-dictionary
-English.dict
Dictionary: translator-basic-dictionary, Language: English 
)
(/usr/share/texlive/texmf-dist/tex/latex/translator/translator-bibliography-dic
tionary-English.dict
Dictionary: translator-bibliography-dictionary, Language: English 
)
(/usr/share/texlive/texmf-dist/tex/latex/translator/translator-environment-dict
ionary-English.dict
Dictionary: translator-environment-dictionary, Language: English 
)
(/usr/share/texlive/texmf-dist/tex/latex/translator/translator-months-dictionar
y-English.dict
Dictionary: translator-months-dictionary, Language: English 
)
(/usr/share/texlive/texmf-dist/tex/latex/translator/translator-numbers-dictiona
ry-English.dict
Dictionary: translator-numbers-dictionary, Language: English 
)
(/usr/share/texlive/texmf-dist/tex/latex/translator/translator-theorem-dictiona
ry-English.dict
Dictionary: translator-theorem-dictionary, Language: English 
)
LaTeX Info: Redefining \microtypecontext on input line 640.
Package microtype Info: Generating PDF output.
Package microtype Info: Character protrusion enabled (level 2).
Package microtype Info: Using protrusion set `basicmath'.
Package microtype Info: Automatic font expansion enabled (level 2),
(microtype)             stretch: 20, shrink: 20, step: 1, non-selected.
Package microtype Info: Using default expansion set `basictext'.
LaTeX Info: Redefining \showhyphens on input line 640.
Package microtype Info: No adjustment of tracking.
Package microtype Info: No adjustment of interword spacing.
Package microtype Info: No adjustment of character kerning.
\c@mv@tabular=\count362
\c@mv@boldtabular=\count363
Package caption Info: Begin \AtBeginDocument code.
Package caption Info: End \AtBeginDocument code.

Package pgfplots Warning: running in backwards compatibility mode (unsuitable t
ick labels; missing features). Consider writing \pgfplotsset{compat=1.16} into 
your preamble.
 on input line 640.

(./defesa-lineu.nav)
LaTeX Font Info:    Font shape `T1/FiraSans-OsF/l/n' in size <6> not available
(Font)              Font shape `T1/FiraSans-OsF/light/n' tried instead on input
 line 640.
LaTeX Font Info:    Font shape `T1/FiraSans-OsF/light/n' will be
(Font)              scaled to size 6.0pt on input line 640.
LaTeX Font Info:    Font shape `T1/FiraSans-OsF/l/n' in size <12> not available

(Font)              Font shape `T1/FiraSans-OsF/light/n' tried instead on input
 line 640.
LaTeX Font Info:    Font shape `T1/FiraSans-OsF/light/n' will be
(Font)              scaled to size 12.0pt on input line 640.
LaTeX Font Info:    Font shape `T1/FiraSans-OsF/l/n' in size <14.4> not availab
le
(Font)              Font shape `T1/FiraSans-OsF/light/n' tried instead on input
 line 641.
LaTeX Font Info:    Font shape `T1/FiraSans-OsF/light/n' will be
(Font)              scaled to size 14.4pt on input line 641.
LaTeX Font Info:    Font shape `T1/FiraSans-OsF/b/n' in size <14.4> not availab
le
(Font)              Font shape `T1/FiraSans-OsF/bold/n' tried instead on input 
line 641.
LaTeX Font Info:    Font shape `T1/FiraSans-OsF/bold/n' will be
(Font)              scaled to size 14.4pt on input line 641.
LaTeX Font Info:    Font shape `T1/FiraSans-OsF/b/n' in size <10.95> not availa
ble
(Font)              Font shape `T1/FiraSans-OsF/bold/n' tried instead on input 
line 641.
LaTeX Font Info:    Font shape `T1/FiraSans-OsF/bold/n' will be
(Font)              scaled to size 10.95pt on input line 641.
LaTeX Font Info:    Font shape `T1/FiraSans-OsF/l/n' in size <8> not available
(Font)              Font shape `T1/FiraSans-OsF/light/n' tried instead on input
 line 641.
LaTeX Font Info:    Font shape `T1/FiraSans-OsF/light/n' will be
(Font)              scaled to size 8.0pt on input line 641.
<config/capes_tp2.png, id=13, 501.875pt x 500.87125pt>
File: config/capes_tp2.png Graphic file (type png)
<use config/capes_tp2.png>
Package pdftex.def Info: config/capes_tp2.png  used on input line 641.
(pdftex.def)             Requested size: 51.31616pt x 51.21352pt.
<config/ufpr-transparent-600px.png, id=15, 602.25pt x 392.46625pt>
File: config/ufpr-transparent-600px.png Graphic file (type png)
<use config/ufpr-transparent-600px.png>
Package pdftex.def Info: config/ufpr-transparent-600px.png  used on input line 
641.
(pdftex.def)             Requested size: 78.58931pt x 51.21402pt.
<config/dsbd-2x2-trans.png, id=16, 321.2pt x 321.2pt>
File: config/dsbd-2x2-trans.png Graphic file (type png)
<use config/dsbd-2x2-trans.png>
Package pdftex.def Info: config/dsbd-2x2-trans.png  used on input line 641.
(pdftex.def)             Requested size: 51.2117pt x 51.2117pt.
<./config/ufpr-fundo-16x9.jpg, id=17, 481.8pt x 271.0125pt>
File: ./config/ufpr-fundo-16x9.jpg Graphic file (type jpg)
<use ./config/ufpr-fundo-16x9.jpg>
Package pdftex.def Info: ./config/ufpr-fundo-16x9.jpg  used on input line 641.
(pdftex.def)             Requested size: 455.2593pt x 256.08334pt.
LaTeX Font Info:    Font shape `T1/FiraSans-OsF/l/n' in size <4> not available
(Font)              Font shape `T1/FiraSans-OsF/light/n' tried instead on input
 line 641.
LaTeX Font Info:    Font shape `T1/FiraSans-OsF/light/n' will be
(Font)              scaled to size 4.0pt on input line 641.
[1

{/var/lib/texmf/fonts/map/pdftex/updmap/pdftex.map} <./config/ufpr-fundo-16x9.j
pg> <./config/capes_tp2.png> <./config/ufpr-transparent-600px.png> <./config/ds
bd-2x2-trans.png>]
File: ./config/ufpr-fundo-16x9.jpg Graphic file (type jpg)
<use ./config/ufpr-fundo-16x9.jpg>
Package pdftex.def Info: ./config/ufpr-fundo-16x9.jpg  used on input line 644.
(pdftex.def)             Requested size: 455.2593pt x 256.08334pt.
[2

]
File: ./config/ufpr-fundo-16x9.jpg Graphic file (type jpg)
<use ./config/ufpr-fundo-16x9.jpg>
Package pdftex.def Info: ./config/ufpr-fundo-16x9.jpg  used on input line 658.
(pdftex.def)             Requested size: 455.2593pt x 256.08334pt.
[3

]
LaTeX Font Info:    Font shape `T1/FiraSans-OsF/l/n' in size <17.28> not availa
ble
(Font)              Font shape `T1/FiraSans-OsF/light/n' tried instead on input
 line 661.
LaTeX Font Info:    Font shape `T1/FiraSans-OsF/light/n' will be
(Font)              scaled to size 17.28pt on input line 661.
LaTeX Font Info:    Font shape `T1/FiraSans-OsF/b/n' in size <17.28> not availa
ble
(Font)              Font shape `T1/FiraSans-OsF/bold/n' tried instead on input 
line 661.
LaTeX Font Info:    Font shape `T1/FiraSans-OsF/bold/n' will be
(Font)              scaled to size 17.28pt on input line 661.
LaTeX Font Info:    Trying to load font information for OT1+iwonalm on input li
ne 661.
(/usr/share/texlive/texmf-dist/tex/latex/iwona/ot1iwonalm.fd
File: ot1iwonalm.fd 2005/10/05 v1.2 font definition file for OT1/iwonalm (MW)
)
LaTeX Font Info:    Trying to load font information for OML+iwonal on input lin
e 661.
(/usr/share/texlive/texmf-dist/tex/latex/iwona/omliwonal.fd
File: omliwonal.fd 2008/07/22 v0.995 font definition file for OML/iwonal (MW)
)

Package microtype Warning: I cannot find a protrusion list for font
(microtype)                `OML/iwonal/m/it/10.95'. Switching off
(microtype)                protrusion for this font on input line 661.

LaTeX Font Info:    Trying to load font information for OMS+iwonal on input lin
e 661.
(/usr/share/texlive/texmf-dist/tex/latex/iwona/omsiwonal.fd
File: omsiwonal.fd 2008/07/22 v0.995 font definition file for OMS/iwonal (MW)
)

Package microtype Warning: I cannot find a protrusion list for font
(microtype)                `OMS/iwonal/m/n/10.95'. Switching off
(microtype)                protrusion for this font on input line 661.

LaTeX Font Info:    Trying to load font information for OMX+iwonal on input lin
e 661.
(/usr/share/texlive/texmf-dist/tex/latex/iwona/omxiwonal.fd
File: omxiwonal.fd 2008/07/22 v0.995 font definition file for OMX/iwonal (MW)
)
LaTeX Font Info:    Trying to load font information for U+msa on input line 661
.
(/usr/share/texlive/texmf-dist/tex/latex/amsfonts/umsa.fd
File: umsa.fd 2013/01/14 v3.01 AMS symbols A
) (/usr/share/texlive/texmf-dist/tex/latex/microtype/mt-msa.cfg
File: mt-msa.cfg 2006/02/04 v1.1 microtype config. file: AMS symbols (a) (RS)
)
LaTeX Font Info:    Trying to load font information for U+msb on input line 661
.
(/usr/share/texlive/texmf-dist/tex/latex/amsfonts/umsb.fd
File: umsb.fd 2013/01/14 v3.01 AMS symbols B
) (/usr/share/texlive/texmf-dist/tex/latex/microtype/mt-msb.cfg
File: mt-msb.cfg 2005/06/01 v1.0 microtype config. file: AMS symbols (b) (RS)
)
File: ./config/ufpr-fundo-16x9.jpg Graphic file (type jpg)
<use ./config/ufpr-fundo-16x9.jpg>
Package pdftex.def Info: ./config/ufpr-fundo-16x9.jpg  used on input line 661.
(pdftex.def)             Requested size: 455.2593pt x 256.08334pt.
[4

]
File: ./config/ufpr-fundo-16x9.jpg Graphic file (type jpg)
<use ./config/ufpr-fundo-16x9.jpg>
Package pdftex.def Info: ./config/ufpr-fundo-16x9.jpg  used on input line 664.
(pdftex.def)             Requested size: 455.2593pt x 256.08334pt.
[5

]
LaTeX Font Info:    Font shape `T1/FiraSans-OsF/l/n' in size <10> not available

(Font)              Font shape `T1/FiraSans-OsF/light/n' tried instead on input
 line 686.
LaTeX Font Info:    Font shape `T1/FiraSans-OsF/light/n' will be
(Font)              scaled to size 10.0pt on input line 686.
File: ./config/ufpr-fundo-16x9.jpg Graphic file (type jpg)
<use ./config/ufpr-fundo-16x9.jpg>
Package pdftex.def Info: ./config/ufpr-fundo-16x9.jpg  used on input line 686.
(pdftex.def)             Requested size: 455.2593pt x 256.08334pt.
[6

]
File: ./config/ufpr-fundo-16x9.jpg Graphic file (type jpg)
<use ./config/ufpr-fundo-16x9.jpg>
Package pdftex.def Info: ./config/ufpr-fundo-16x9.jpg  used on input line 689.
(pdftex.def)             Requested size: 455.2593pt x 256.08334pt.
[7

]
File: ./config/ufpr-fundo-16x9.jpg Graphic file (type jpg)
<use ./config/ufpr-fundo-16x9.jpg>
Package pdftex.def Info: ./config/ufpr-fundo-16x9.jpg  used on input line 692.
(pdftex.def)             Requested size: 455.2593pt x 256.08334pt.
[8

]
LaTeX Font Info:    Font shape `T1/FiraSans-OsF/b/n' in size <10> not available

(Font)              Font shape `T1/FiraSans-OsF/bold/n' tried instead on input 
line 712.
LaTeX Font Info:    Font shape `T1/FiraSans-OsF/bold/n' will be
(Font)              scaled to size 10.0pt on input line 712.
File: ./config/ufpr-fundo-16x9.jpg Graphic file (type jpg)
<use ./config/ufpr-fundo-16x9.jpg>
Package pdftex.def Info: ./config/ufpr-fundo-16x9.jpg  used on input line 712.
(pdftex.def)             Requested size: 455.2593pt x 256.08334pt.
[9

]
File: ./config/ufpr-fundo-16x9.jpg Graphic file (type jpg)
<use ./config/ufpr-fundo-16x9.jpg>
Package pdftex.def Info: ./config/ufpr-fundo-16x9.jpg  used on input line 727.
(pdftex.def)             Requested size: 455.2593pt x 256.08334pt.
[10

]
File: ./config/ufpr-fundo-16x9.jpg Graphic file (type jpg)
<use ./config/ufpr-fundo-16x9.jpg>
Package pdftex.def Info: ./config/ufpr-fundo-16x9.jpg  used on input line 747.
(pdftex.def)             Requested size: 455.2593pt x 256.08334pt.
[11

]
File: ./config/ufpr-fundo-16x9.jpg Graphic file (type jpg)
<use ./config/ufpr-fundo-16x9.jpg>
Package pdftex.def Info: ./config/ufpr-fundo-16x9.jpg  used on input line 763.
(pdftex.def)             Requested size: 455.2593pt x 256.08334pt.
[12

]
File: ./config/ufpr-fundo-16x9.jpg Graphic file (type jpg)
<use ./config/ufpr-fundo-16x9.jpg>
Package pdftex.def Info: ./config/ufpr-fundo-16x9.jpg  used on input line 777.
(pdftex.def)             Requested size: 455.2593pt x 256.08334pt.
[13

]
<./img/modelos_regressao.pdf, id=105, 332.01941pt x 196.66473pt>
File: ./img/modelos_regressao.pdf Graphic file (type pdf)
<use ./img/modelos_regressao.pdf>
Package pdftex.def Info: ./img/modelos_regressao.pdf  used on input line 782.
(pdftex.def)             Requested size: 312.99501pt x 185.39601pt.
File: ./config/ufpr-fundo-16x9.jpg Graphic file (type jpg)
<use ./config/ufpr-fundo-16x9.jpg>
Package pdftex.def Info: ./config/ufpr-fundo-16x9.jpg  used on input line 782.
(pdftex.def)             Requested size: 455.2593pt x 256.08334pt.
[14

 <./img/modelos_regressao.pdf>]
File: ./config/ufpr-fundo-16x9.jpg Graphic file (type jpg)
<use ./config/ufpr-fundo-16x9.jpg>
Package pdftex.def Info: ./config/ufpr-fundo-16x9.jpg  used on input line 846.
(pdftex.def)             Requested size: 455.2593pt x 256.08334pt.
[15

]
File: ./config/ufpr-fundo-16x9.jpg Graphic file (type jpg)
<use ./config/ufpr-fundo-16x9.jpg>
Package pdftex.def Info: ./config/ufpr-fundo-16x9.jpg  used on input line 870.
(pdftex.def)             Requested size: 455.2593pt x 256.08334pt.
[16

]
File: ./config/ufpr-fundo-16x9.jpg Graphic file (type jpg)
<use ./config/ufpr-fundo-16x9.jpg>
Package pdftex.def Info: ./config/ufpr-fundo-16x9.jpg  used on input line 889.
(pdftex.def)             Requested size: 455.2593pt x 256.08334pt.
[17

]
File: ./config/ufpr-fundo-16x9.jpg Graphic file (type jpg)
<use ./config/ufpr-fundo-16x9.jpg>
Package pdftex.def Info: ./config/ufpr-fundo-16x9.jpg  used on input line 905.
(pdftex.def)             Requested size: 455.2593pt x 256.08334pt.
[18

]
File: ./config/ufpr-fundo-16x9.jpg Graphic file (type jpg)
<use ./config/ufpr-fundo-16x9.jpg>
Package pdftex.def Info: ./config/ufpr-fundo-16x9.jpg  used on input line 924.
(pdftex.def)             Requested size: 455.2593pt x 256.08334pt.
[19

]
File: ./config/ufpr-fundo-16x9.jpg Graphic file (type jpg)
<use ./config/ufpr-fundo-16x9.jpg>
Package pdftex.def Info: ./config/ufpr-fundo-16x9.jpg  used on input line 941.
(pdftex.def)             Requested size: 455.2593pt x 256.08334pt.
[20

]
File: ./config/ufpr-fundo-16x9.jpg Graphic file (type jpg)
<use ./config/ufpr-fundo-16x9.jpg>
Package pdftex.def Info: ./config/ufpr-fundo-16x9.jpg  used on input line 967.
(pdftex.def)             Requested size: 455.2593pt x 256.08334pt.
[21

]
File: ./config/ufpr-fundo-16x9.jpg Graphic file (type jpg)
<use ./config/ufpr-fundo-16x9.jpg>
Package pdftex.def Info: ./config/ufpr-fundo-16x9.jpg  used on input line 989.
(pdftex.def)             Requested size: 455.2593pt x 256.08334pt.
[22

]
File: ./config/ufpr-fundo-16x9.jpg Graphic file (type jpg)
<use ./config/ufpr-fundo-16x9.jpg>
Package pdftex.def Info: ./config/ufpr-fundo-16x9.jpg  used on input line 1005.

(pdftex.def)             Requested size: 455.2593pt x 256.08334pt.
[23

]
File: ./config/ufpr-fundo-16x9.jpg Graphic file (type jpg)
<use ./config/ufpr-fundo-16x9.jpg>
Package pdftex.def Info: ./config/ufpr-fundo-16x9.jpg  used on input line 1023.

(pdftex.def)             Requested size: 455.2593pt x 256.08334pt.
[24

]
File: ./config/ufpr-fundo-16x9.jpg Graphic file (type jpg)
<use ./config/ufpr-fundo-16x9.jpg>
Package pdftex.def Info: ./config/ufpr-fundo-16x9.jpg  used on input line 1041.

(pdftex.def)             Requested size: 455.2593pt x 256.08334pt.
[25

]
File: ./config/ufpr-fundo-16x9.jpg Graphic file (type jpg)
<use ./config/ufpr-fundo-16x9.jpg>
Package pdftex.def Info: ./config/ufpr-fundo-16x9.jpg  used on input line 1057.

(pdftex.def)             Requested size: 455.2593pt x 256.08334pt.
[26

]
File: ./config/ufpr-fundo-16x9.jpg Graphic file (type jpg)
<use ./config/ufpr-fundo-16x9.jpg>
Package pdftex.def Info: ./config/ufpr-fundo-16x9.jpg  used on input line 1071.

(pdftex.def)             Requested size: 455.2593pt x 256.08334pt.
[27

]
File: ./config/ufpr-fundo-16x9.jpg Graphic file (type jpg)
<use ./config/ufpr-fundo-16x9.jpg>
Package pdftex.def Info: ./config/ufpr-fundo-16x9.jpg  used on input line 1074.

(pdftex.def)             Requested size: 455.2593pt x 256.08334pt.
[28

]
File: ./config/ufpr-fundo-16x9.jpg Graphic file (type jpg)
<use ./config/ufpr-fundo-16x9.jpg>
Package pdftex.def Info: ./config/ufpr-fundo-16x9.jpg  used on input line 1077.

(pdftex.def)             Requested size: 455.2593pt x 256.08334pt.
[29

]
File: ./config/ufpr-fundo-16x9.jpg Graphic file (type jpg)
<use ./config/ufpr-fundo-16x9.jpg>
Package pdftex.def Info: ./config/ufpr-fundo-16x9.jpg  used on input line 1102.

(pdftex.def)             Requested size: 455.2593pt x 256.08334pt.
[30

]
File: ./config/ufpr-fundo-16x9.jpg Graphic file (type jpg)
<use ./config/ufpr-fundo-16x9.jpg>
Package pdftex.def Info: ./config/ufpr-fundo-16x9.jpg  used on input line 1106.

(pdftex.def)             Requested size: 455.2593pt x 256.08334pt.
[31

]
File: ./config/ufpr-fundo-16x9.jpg Graphic file (type jpg)
<use ./config/ufpr-fundo-16x9.jpg>
Package pdftex.def Info: ./config/ufpr-fundo-16x9.jpg  used on input line 1109.

(pdftex.def)             Requested size: 455.2593pt x 256.08334pt.
[32

]
File: ./config/ufpr-fundo-16x9.jpg Graphic file (type jpg)
<use ./config/ufpr-fundo-16x9.jpg>
Package pdftex.def Info: ./config/ufpr-fundo-16x9.jpg  used on input line 1128.

(pdftex.def)             Requested size: 455.2593pt x 256.08334pt.
[33

]

Package microtype Warning: I cannot find a protrusion list for font
(microtype)                `OML/iwonal/m/it/10'. Switching off
(microtype)                protrusion for this font on input line 1157.


Package microtype Warning: I cannot find a protrusion list for font
(microtype)                `OMS/iwonal/m/n/10'. Switching off
(microtype)                protrusion for this font on input line 1157.

File: ./config/ufpr-fundo-16x9.jpg Graphic file (type jpg)
<use ./config/ufpr-fundo-16x9.jpg>
Package pdftex.def Info: ./config/ufpr-fundo-16x9.jpg  used on input line 1157.

(pdftex.def)             Requested size: 455.2593pt x 256.08334pt.
[34

]
File: ./config/ufpr-fundo-16x9.jpg Graphic file (type jpg)
<use ./config/ufpr-fundo-16x9.jpg>
Package pdftex.def Info: ./config/ufpr-fundo-16x9.jpg  used on input line 1186.

(pdftex.def)             Requested size: 455.2593pt x 256.08334pt.
[35

]
File: ./config/ufpr-fundo-16x9.jpg Graphic file (type jpg)
<use ./config/ufpr-fundo-16x9.jpg>
Package pdftex.def Info: ./config/ufpr-fundo-16x9.jpg  used on input line 1217.

(pdftex.def)             Requested size: 455.2593pt x 256.08334pt.
[36

]
File: ./config/ufpr-fundo-16x9.jpg Graphic file (type jpg)
<use ./config/ufpr-fundo-16x9.jpg>
Package pdftex.def Info: ./config/ufpr-fundo-16x9.jpg  used on input line 1246.

(pdftex.def)             Requested size: 455.2593pt x 256.08334pt.
[37

]
File: ./config/ufpr-fundo-16x9.jpg Graphic file (type jpg)
<use ./config/ufpr-fundo-16x9.jpg>
Package pdftex.def Info: ./config/ufpr-fundo-16x9.jpg  used on input line 1271.

(pdftex.def)             Requested size: 455.2593pt x 256.08334pt.
[38

]
File: ./config/ufpr-fundo-16x9.jpg Graphic file (type jpg)
<use ./config/ufpr-fundo-16x9.jpg>
Package pdftex.def Info: ./config/ufpr-fundo-16x9.jpg  used on input line 1303.

(pdftex.def)             Requested size: 455.2593pt x 256.08334pt.
[39

]
Overfull \vbox (4.19142pt too high) detected at line 1333
 []

File: ./config/ufpr-fundo-16x9.jpg Graphic file (type jpg)
<use ./config/ufpr-fundo-16x9.jpg>
Package pdftex.def Info: ./config/ufpr-fundo-16x9.jpg  used on input line 1333.

(pdftex.def)             Requested size: 455.2593pt x 256.08334pt.
[40

]
File: ./config/ufpr-fundo-16x9.jpg Graphic file (type jpg)
<use ./config/ufpr-fundo-16x9.jpg>
Package pdftex.def Info: ./config/ufpr-fundo-16x9.jpg  used on input line 1336.

(pdftex.def)             Requested size: 455.2593pt x 256.08334pt.
[41

]
File: ./config/ufpr-fundo-16x9.jpg Graphic file (type jpg)
<use ./config/ufpr-fundo-16x9.jpg>
Package pdftex.def Info: ./config/ufpr-fundo-16x9.jpg  used on input line 1339.

(pdftex.def)             Requested size: 455.2593pt x 256.08334pt.
[42

]
LaTeX Font Info:    Font shape `T1/FiraSans-OsF/l/n' in size <9> not available
(Font)              Font shape `T1/FiraSans-OsF/light/n' tried instead on input
 line 1363.
LaTeX Font Info:    Font shape `T1/FiraSans-OsF/light/n' will be
(Font)              scaled to size 9.0pt on input line 1363.
File: ./config/ufpr-fundo-16x9.jpg Graphic file (type jpg)
<use ./config/ufpr-fundo-16x9.jpg>
Package pdftex.def Info: ./config/ufpr-fundo-16x9.jpg  used on input line 1363.

(pdftex.def)             Requested size: 455.2593pt x 256.08334pt.
[43

]
File: ./config/ufpr-fundo-16x9.jpg Graphic file (type jpg)
<use ./config/ufpr-fundo-16x9.jpg>
Package pdftex.def Info: ./config/ufpr-fundo-16x9.jpg  used on input line 1386.

(pdftex.def)             Requested size: 455.2593pt x 256.08334pt.
[44

]
File: ./config/ufpr-fundo-16x9.jpg Graphic file (type jpg)
<use ./config/ufpr-fundo-16x9.jpg>
Package pdftex.def Info: ./config/ufpr-fundo-16x9.jpg  used on input line 1412.

(pdftex.def)             Requested size: 455.2593pt x 256.08334pt.
[45

]
File: ./config/ufpr-fundo-16x9.jpg Graphic file (type jpg)
<use ./config/ufpr-fundo-16x9.jpg>
Package pdftex.def Info: ./config/ufpr-fundo-16x9.jpg  used on input line 1428.

(pdftex.def)             Requested size: 455.2593pt x 256.08334pt.
[46

]
File: ./config/ufpr-fundo-16x9.jpg Graphic file (type jpg)
<use ./config/ufpr-fundo-16x9.jpg>
Package pdftex.def Info: ./config/ufpr-fundo-16x9.jpg  used on input line 1445.

(pdftex.def)             Requested size: 455.2593pt x 256.08334pt.
[47

]
File: ./config/ufpr-fundo-16x9.jpg Graphic file (type jpg)
<use ./config/ufpr-fundo-16x9.jpg>
Package pdftex.def Info: ./config/ufpr-fundo-16x9.jpg  used on input line 1464.

(pdftex.def)             Requested size: 455.2593pt x 256.08334pt.
[48

]
File: ./config/ufpr-fundo-16x9.jpg Graphic file (type jpg)
<use ./config/ufpr-fundo-16x9.jpg>
Package pdftex.def Info: ./config/ufpr-fundo-16x9.jpg  used on input line 1490.

(pdftex.def)             Requested size: 455.2593pt x 256.08334pt.
[49

]
File: ./config/ufpr-fundo-16x9.jpg Graphic file (type jpg)
<use ./config/ufpr-fundo-16x9.jpg>
Package pdftex.def Info: ./config/ufpr-fundo-16x9.jpg  used on input line 1515.

(pdftex.def)             Requested size: 455.2593pt x 256.08334pt.
[50

]
File: ./config/ufpr-fundo-16x9.jpg Graphic file (type jpg)
<use ./config/ufpr-fundo-16x9.jpg>
Package pdftex.def Info: ./config/ufpr-fundo-16x9.jpg  used on input line 1532.

(pdftex.def)             Requested size: 455.2593pt x 256.08334pt.
[51

]
File: ./config/ufpr-fundo-16x9.jpg Graphic file (type jpg)
<use ./config/ufpr-fundo-16x9.jpg>
Package pdftex.def Info: ./config/ufpr-fundo-16x9.jpg  used on input line 1535.

(pdftex.def)             Requested size: 455.2593pt x 256.08334pt.
[52

]
File: ./config/ufpr-fundo-16x9.jpg Graphic file (type jpg)
<use ./config/ufpr-fundo-16x9.jpg>
Package pdftex.def Info: ./config/ufpr-fundo-16x9.jpg  used on input line 1538.

(pdftex.def)             Requested size: 455.2593pt x 256.08334pt.
[53

]
File: ./config/ufpr-fundo-16x9.jpg Graphic file (type jpg)
<use ./config/ufpr-fundo-16x9.jpg>
Package pdftex.def Info: ./config/ufpr-fundo-16x9.jpg  used on input line 1553.

(pdftex.def)             Requested size: 455.2593pt x 256.08334pt.
[54

]
File: ./config/ufpr-fundo-16x9.jpg Graphic file (type jpg)
<use ./config/ufpr-fundo-16x9.jpg>
Package pdftex.def Info: ./config/ufpr-fundo-16x9.jpg  used on input line 1570.

(pdftex.def)             Requested size: 455.2593pt x 256.08334pt.
[55

]
File: ./config/ufpr-fundo-16x9.jpg Graphic file (type jpg)
<use ./config/ufpr-fundo-16x9.jpg>
Package pdftex.def Info: ./config/ufpr-fundo-16x9.jpg  used on input line 1590.

(pdftex.def)             Requested size: 455.2593pt x 256.08334pt.
[56

]
File: ./config/ufpr-fundo-16x9.jpg Graphic file (type jpg)
<use ./config/ufpr-fundo-16x9.jpg>
Package pdftex.def Info: ./config/ufpr-fundo-16x9.jpg  used on input line 1610.

(pdftex.def)             Requested size: 455.2593pt x 256.08334pt.
[57

]
File: ./config/ufpr-fundo-16x9.jpg Graphic file (type jpg)
<use ./config/ufpr-fundo-16x9.jpg>
Package pdftex.def Info: ./config/ufpr-fundo-16x9.jpg  used on input line 1626.

(pdftex.def)             Requested size: 455.2593pt x 256.08334pt.
[58

]
File: ./config/ufpr-fundo-16x9.jpg Graphic file (type jpg)
<use ./config/ufpr-fundo-16x9.jpg>
Package pdftex.def Info: ./config/ufpr-fundo-16x9.jpg  used on input line 1665.

(pdftex.def)             Requested size: 455.2593pt x 256.08334pt.
[59

]
File: ./config/ufpr-fundo-16x9.jpg Graphic file (type jpg)
<use ./config/ufpr-fundo-16x9.jpg>
Package pdftex.def Info: ./config/ufpr-fundo-16x9.jpg  used on input line 1697.

(pdftex.def)             Requested size: 455.2593pt x 256.08334pt.
[60

]
File: ./config/ufpr-fundo-16x9.jpg Graphic file (type jpg)
<use ./config/ufpr-fundo-16x9.jpg>
Package pdftex.def Info: ./config/ufpr-fundo-16x9.jpg  used on input line 1737.

(pdftex.def)             Requested size: 455.2593pt x 256.08334pt.
[61

]
File: ./config/ufpr-fundo-16x9.jpg Graphic file (type jpg)
<use ./config/ufpr-fundo-16x9.jpg>
Package pdftex.def Info: ./config/ufpr-fundo-16x9.jpg  used on input line 1755.

(pdftex.def)             Requested size: 455.2593pt x 256.08334pt.
[62

]
File: ./config/ufpr-fundo-16x9.jpg Graphic file (type jpg)
<use ./config/ufpr-fundo-16x9.jpg>
Package pdftex.def Info: ./config/ufpr-fundo-16x9.jpg  used on input line 1773.

(pdftex.def)             Requested size: 455.2593pt x 256.08334pt.
[63

]
File: ./config/ufpr-fundo-16x9.jpg Graphic file (type jpg)
<use ./config/ufpr-fundo-16x9.jpg>
Package pdftex.def Info: ./config/ufpr-fundo-16x9.jpg  used on input line 1792.

(pdftex.def)             Requested size: 455.2593pt x 256.08334pt.
[64

]
File: ./config/ufpr-fundo-16x9.jpg Graphic file (type jpg)
<use ./config/ufpr-fundo-16x9.jpg>
Package pdftex.def Info: ./config/ufpr-fundo-16x9.jpg  used on input line 1795.

(pdftex.def)             Requested size: 455.2593pt x 256.08334pt.
[65

]
File: ./config/ufpr-fundo-16x9.jpg Graphic file (type jpg)
<use ./config/ufpr-fundo-16x9.jpg>
Package pdftex.def Info: ./config/ufpr-fundo-16x9.jpg  used on input line 1798.

(pdftex.def)             Requested size: 455.2593pt x 256.08334pt.
[66

]
File: ./config/ufpr-fundo-16x9.jpg Graphic file (type jpg)
<use ./config/ufpr-fundo-16x9.jpg>
Package pdftex.def Info: ./config/ufpr-fundo-16x9.jpg  used on input line 1812.

(pdftex.def)             Requested size: 455.2593pt x 256.08334pt.
[67

]
File: ./config/ufpr-fundo-16x9.jpg Graphic file (type jpg)
<use ./config/ufpr-fundo-16x9.jpg>
Package pdftex.def Info: ./config/ufpr-fundo-16x9.jpg  used on input line 1832.

(pdftex.def)             Requested size: 455.2593pt x 256.08334pt.
[68

]
File: ./config/ufpr-fundo-16x9.jpg Graphic file (type jpg)
<use ./config/ufpr-fundo-16x9.jpg>
Package pdftex.def Info: ./config/ufpr-fundo-16x9.jpg  used on input line 1854.

(pdftex.def)             Requested size: 455.2593pt x 256.08334pt.
[69

]
File: ./config/ufpr-fundo-16x9.jpg Graphic file (type jpg)
<use ./config/ufpr-fundo-16x9.jpg>
Package pdftex.def Info: ./config/ufpr-fundo-16x9.jpg  used on input line 1886.

(pdftex.def)             Requested size: 455.2593pt x 256.08334pt.
[70

]
LaTeX Font Info:    Font shape `T1/FiraSans-OsF/l/it' in size <10> not availabl
e
(Font)              Font shape `T1/FiraSans-OsF/light/it' tried instead on inpu
t line 1904.
LaTeX Font Info:    Font shape `T1/FiraSans-OsF/light/it' will be
(Font)              scaled to size 10.0pt on input line 1904.
File: ./config/ufpr-fundo-16x9.jpg Graphic file (type jpg)
<use ./config/ufpr-fundo-16x9.jpg>
Package pdftex.def Info: ./config/ufpr-fundo-16x9.jpg  used on input line 1904.

(pdftex.def)             Requested size: 455.2593pt x 256.08334pt.
[71

]
File: ./config/ufpr-fundo-16x9.jpg Graphic file (type jpg)
<use ./config/ufpr-fundo-16x9.jpg>
Package pdftex.def Info: ./config/ufpr-fundo-16x9.jpg  used on input line 1929.

(pdftex.def)             Requested size: 455.2593pt x 256.08334pt.
[72

]
File: ./config/ufpr-fundo-16x9.jpg Graphic file (type jpg)
<use ./config/ufpr-fundo-16x9.jpg>
Package pdftex.def Info: ./config/ufpr-fundo-16x9.jpg  used on input line 1952.

(pdftex.def)             Requested size: 455.2593pt x 256.08334pt.
[73

]
</home/lacf14/msc/4_dissertacao/5-simulacao/betas.pdf, id=542, 505.89pt x 361.3
5pt>
File: /home/lacf14/msc/4_dissertacao/5-simulacao/betas.pdf Graphic file (type p
df)
<use /home/lacf14/msc/4_dissertacao/5-simulacao/betas.pdf>
Package pdftex.def Info: /home/lacf14/msc/4_dissertacao/5-simulacao/betas.pdf  
used on input line 1960.
(pdftex.def)             Requested size: 340.4189pt x 243.15637pt.

Overfull \vbox (0.99956pt too high) detected at line 1960
 []

File: ./config/ufpr-fundo-16x9.jpg Graphic file (type jpg)
<use ./config/ufpr-fundo-16x9.jpg>
Package pdftex.def Info: ./config/ufpr-fundo-16x9.jpg  used on input line 1960.

(pdftex.def)             Requested size: 455.2593pt x 256.08334pt.
[74

 </home/lacf14/msc/4_dissertacao/5-simulacao/betas.pdf>]
File: ./config/ufpr-fundo-16x9.jpg Graphic file (type jpg)
<use ./config/ufpr-fundo-16x9.jpg>
Package pdftex.def Info: ./config/ufpr-fundo-16x9.jpg  used on input line 1987.

(pdftex.def)             Requested size: 455.2593pt x 256.08334pt.
[75

]
File: ./config/ufpr-fundo-16x9.jpg Graphic file (type jpg)
<use ./config/ufpr-fundo-16x9.jpg>
Package pdftex.def Info: ./config/ufpr-fundo-16x9.jpg  used on input line 2004.

(pdftex.def)             Requested size: 455.2593pt x 256.08334pt.
[76

]
</home/lacf14/msc/4_dissertacao/5-simulacao/taus.pdf, id=568, 505.89pt x 361.35
pt>
File: /home/lacf14/msc/4_dissertacao/5-simulacao/taus.pdf Graphic file (type pd
f)
<use /home/lacf14/msc/4_dissertacao/5-simulacao/taus.pdf>
Package pdftex.def Info: /home/lacf14/msc/4_dissertacao/5-simulacao/taus.pdf  u
sed on input line 2012.
(pdftex.def)             Requested size: 340.4189pt x 243.15637pt.

Overfull \vbox (0.99956pt too high) detected at line 2012
 []

File: ./config/ufpr-fundo-16x9.jpg Graphic file (type jpg)
<use ./config/ufpr-fundo-16x9.jpg>
Package pdftex.def Info: ./config/ufpr-fundo-16x9.jpg  used on input line 2012.

(pdftex.def)             Requested size: 455.2593pt x 256.08334pt.
[77

 </home/lacf14/msc/4_dissertacao/5-simulacao/taus.pdf>]
File: ./config/ufpr-fundo-16x9.jpg Graphic file (type jpg)
<use ./config/ufpr-fundo-16x9.jpg>
Package pdftex.def Info: ./config/ufpr-fundo-16x9.jpg  used on input line 2026.

(pdftex.def)             Requested size: 455.2593pt x 256.08334pt.
[78

]
File: ./config/ufpr-fundo-16x9.jpg Graphic file (type jpg)
<use ./config/ufpr-fundo-16x9.jpg>
Package pdftex.def Info: ./config/ufpr-fundo-16x9.jpg  used on input line 2030.

(pdftex.def)             Requested size: 455.2593pt x 256.08334pt.
[79

]
File: ./config/ufpr-fundo-16x9.jpg Graphic file (type jpg)
<use ./config/ufpr-fundo-16x9.jpg>
Package pdftex.def Info: ./config/ufpr-fundo-16x9.jpg  used on input line 2033.

(pdftex.def)             Requested size: 455.2593pt x 256.08334pt.
[80

]
LaTeX Font Info:    Font shape `T1/FiraSans-OsF/l/it' in size <10.95> not avail
able
(Font)              Font shape `T1/FiraSans-OsF/light/it' tried instead on inpu
t line 2048.
LaTeX Font Info:    Font shape `T1/FiraSans-OsF/light/it' will be
(Font)              scaled to size 10.95pt on input line 2048.
File: ./config/ufpr-fundo-16x9.jpg Graphic file (type jpg)
<use ./config/ufpr-fundo-16x9.jpg>
Package pdftex.def Info: ./config/ufpr-fundo-16x9.jpg  used on input line 2048.

(pdftex.def)             Requested size: 455.2593pt x 256.08334pt.
[81

]
File: ./config/ufpr-fundo-16x9.jpg Graphic file (type jpg)
<use ./config/ufpr-fundo-16x9.jpg>
Package pdftex.def Info: ./config/ufpr-fundo-16x9.jpg  used on input line 2080.

(pdftex.def)             Requested size: 455.2593pt x 256.08334pt.
[82

]
File: ./config/ufpr-fundo-16x9.jpg Graphic file (type jpg)
<use ./config/ufpr-fundo-16x9.jpg>
Package pdftex.def Info: ./config/ufpr-fundo-16x9.jpg  used on input line 2083.

(pdftex.def)             Requested size: 455.2593pt x 256.08334pt.
[83

]
File: ./config/ufpr-fundo-16x9.jpg Graphic file (type jpg)
<use ./config/ufpr-fundo-16x9.jpg>
Package pdftex.def Info: ./config/ufpr-fundo-16x9.jpg  used on input line 2086.

(pdftex.def)             Requested size: 455.2593pt x 256.08334pt.
[84

]
File: ./config/ufpr-fundo-16x9.jpg Graphic file (type jpg)
<use ./config/ufpr-fundo-16x9.jpg>
Package pdftex.def Info: ./config/ufpr-fundo-16x9.jpg  used on input line 2104.

(pdftex.def)             Requested size: 455.2593pt x 256.08334pt.
[85

]
File: ./config/ufpr-fundo-16x9.jpg Graphic file (type jpg)
<use ./config/ufpr-fundo-16x9.jpg>
Package pdftex.def Info: ./config/ufpr-fundo-16x9.jpg  used on input line 2122.

(pdftex.def)             Requested size: 455.2593pt x 256.08334pt.
[86

]
File: ./config/ufpr-fundo-16x9.jpg Graphic file (type jpg)
<use ./config/ufpr-fundo-16x9.jpg>
Package pdftex.def Info: ./config/ufpr-fundo-16x9.jpg  used on input line 2138.

(pdftex.def)             Requested size: 455.2593pt x 256.08334pt.
[87

]
File: ./config/ufpr-fundo-16x9.jpg Graphic file (type jpg)
<use ./config/ufpr-fundo-16x9.jpg>
Package pdftex.def Info: ./config/ufpr-fundo-16x9.jpg  used on input line 2158.

(pdftex.def)             Requested size: 455.2593pt x 256.08334pt.
[88

]
File: ./config/ufpr-fundo-16x9.jpg Graphic file (type jpg)
<use ./config/ufpr-fundo-16x9.jpg>
Package pdftex.def Info: ./config/ufpr-fundo-16x9.jpg  used on input line 2171.

(pdftex.def)             Requested size: 455.2593pt x 256.08334pt.
[89

]
</home/lacf14/msc/4_dissertacao/7-aplicacao/descritiva.pdf, id=658, 578.16pt x 
433.62pt>
File: /home/lacf14/msc/4_dissertacao/7-aplicacao/descritiva.pdf Graphic file (t
ype pdf)
<use /home/lacf14/msc/4_dissertacao/7-aplicacao/descritiva.pdf>
Package pdftex.def Info: /home/lacf14/msc/4_dissertacao/7-aplicacao/descritiva.
pdf  used on input line 2195.
(pdftex.def)             Requested size: 284.52713pt x 213.39536pt.

Overfull \hbox (7.1872pt too wide) in paragraph at lines 2195--2195
 [] 
 []

<defesa-lineu_files/figure-beamer/unnamed-chunk-3-1.pdf, id=659, 433.62pt x 433
.62pt>
File: defesa-lineu_files/figure-beamer/unnamed-chunk-3-1.pdf Graphic file (type
 pdf)
<use defesa-lineu_files/figure-beamer/unnamed-chunk-3-1.pdf>
Package pdftex.def Info: defesa-lineu_files/figure-beamer/unnamed-chunk-3-1.pdf
  used on input line 2195.
(pdftex.def)             Requested size: 113.81041pt x 113.81041pt.

Overfull \vbox (16.39108pt too high) detected at line 2195
 []

File: ./config/ufpr-fundo-16x9.jpg Graphic file (type jpg)
<use ./config/ufpr-fundo-16x9.jpg>
Package pdftex.def Info: ./config/ufpr-fundo-16x9.jpg  used on input line 2195.

(pdftex.def)             Requested size: 455.2593pt x 256.08334pt.
[90

 </home/lacf14/msc/4_dissertacao/7-aplicacao/descritiva.pdf> <./defesa-lineu_fi
les/figure-beamer/unnamed-chunk-3-1.pdf>]
File: ./config/ufpr-fundo-16x9.jpg Graphic file (type jpg)
<use ./config/ufpr-fundo-16x9.jpg>
Package pdftex.def Info: ./config/ufpr-fundo-16x9.jpg  used on input line 2213.

(pdftex.def)             Requested size: 455.2593pt x 256.08334pt.
[91

]
File: ./config/ufpr-fundo-16x9.jpg Graphic file (type jpg)
<use ./config/ufpr-fundo-16x9.jpg>
Package pdftex.def Info: ./config/ufpr-fundo-16x9.jpg  used on input line 2230.

(pdftex.def)             Requested size: 455.2593pt x 256.08334pt.
[92

]
File: ./config/ufpr-fundo-16x9.jpg Graphic file (type jpg)
<use ./config/ufpr-fundo-16x9.jpg>
Package pdftex.def Info: ./config/ufpr-fundo-16x9.jpg  used on input line 2248.

(pdftex.def)             Requested size: 455.2593pt x 256.08334pt.
[93

]
</home/lacf14/msc/4_dissertacao/7-aplicacao/res_hist.pdf, id=695, 505.89pt x 21
6.81pt>
File: /home/lacf14/msc/4_dissertacao/7-aplicacao/res_hist.pdf Graphic file (typ
e pdf)
<use /home/lacf14/msc/4_dissertacao/7-aplicacao/res_hist.pdf>
Package pdftex.def Info: /home/lacf14/msc/4_dissertacao/7-aplicacao/res_hist.pd
f  used on input line 2258.
(pdftex.def)             Requested size: 426.7973pt x 182.91313pt.
File: ./config/ufpr-fundo-16x9.jpg Graphic file (type jpg)
<use ./config/ufpr-fundo-16x9.jpg>
Package pdftex.def Info: ./config/ufpr-fundo-16x9.jpg  used on input line 2258.

(pdftex.def)             Requested size: 455.2593pt x 256.08334pt.
[94

 </home/lacf14/msc/4_dissertacao/7-aplicacao/res_hist.pdf>]
</home/lacf14/msc/4_dissertacao/7-aplicacao/res_pred.pdf, id=708, 505.89pt x 21
6.81pt>
File: /home/lacf14/msc/4_dissertacao/7-aplicacao/res_pred.pdf Graphic file (typ
e pdf)
<use /home/lacf14/msc/4_dissertacao/7-aplicacao/res_pred.pdf>
Package pdftex.def Info: /home/lacf14/msc/4_dissertacao/7-aplicacao/res_pred.pd
f  used on input line 2268.
(pdftex.def)             Requested size: 426.7973pt x 182.91313pt.
File: ./config/ufpr-fundo-16x9.jpg Graphic file (type jpg)
<use ./config/ufpr-fundo-16x9.jpg>
Package pdftex.def Info: ./config/ufpr-fundo-16x9.jpg  used on input line 2268.

(pdftex.def)             Requested size: 455.2593pt x 256.08334pt.
[95

 </home/lacf14/msc/4_dissertacao/7-aplicacao/res_pred.pdf>]
File: ./config/ufpr-fundo-16x9.jpg Graphic file (type jpg)
<use ./config/ufpr-fundo-16x9.jpg>
Package pdftex.def Info: ./config/ufpr-fundo-16x9.jpg  used on input line 2284.

(pdftex.def)             Requested size: 455.2593pt x 256.08334pt.
[96

]pdfTeX warning (ext4): destination with the same identifier (name{tab:my-table
}) has been already used, duplicate ignored
<to be read again> 
                   \relax 
l.2308 \end{frame}
                  
File: ./config/ufpr-fundo-16x9.jpg Graphic file (type jpg)
<use ./config/ufpr-fundo-16x9.jpg>
Package pdftex.def Info: ./config/ufpr-fundo-16x9.jpg  used on input line 2308.

(pdftex.def)             Requested size: 455.2593pt x 256.08334pt.
[97

]
</home/lacf14/msc/4_dissertacao/7-aplicacao/fig_preditos.pdf, id=734, 505.89pt 
x 289.08pt>
File: /home/lacf14/msc/4_dissertacao/7-aplicacao/fig_preditos.pdf Graphic file 
(type pdf)
<use /home/lacf14/msc/4_dissertacao/7-aplicacao/fig_preditos.pdf>
Package pdftex.def Info: /home/lacf14/msc/4_dissertacao/7-aplicacao/fig_predito
s.pdf  used on input line 2318.
(pdftex.def)             Requested size: 369.891pt x 211.36629pt.

Overfull \vbox (14.94696pt too high) detected at line 2318
 []

File: ./config/ufpr-fundo-16x9.jpg Graphic file (type jpg)
<use ./config/ufpr-fundo-16x9.jpg>
Package pdftex.def Info: ./config/ufpr-fundo-16x9.jpg  used on input line 2318.

(pdftex.def)             Requested size: 455.2593pt x 256.08334pt.
[98

 </home/lacf14/msc/4_dissertacao/7-aplicacao/fig_preditos.pdf>]
File: ./config/ufpr-fundo-16x9.jpg Graphic file (type jpg)
<use ./config/ufpr-fundo-16x9.jpg>
Package pdftex.def Info: ./config/ufpr-fundo-16x9.jpg  used on input line 2338.

(pdftex.def)             Requested size: 455.2593pt x 256.08334pt.
[99

]
File: ./config/ufpr-fundo-16x9.jpg Graphic file (type jpg)
<use ./config/ufpr-fundo-16x9.jpg>
Package pdftex.def Info: ./config/ufpr-fundo-16x9.jpg  used on input line 2357.

(pdftex.def)             Requested size: 455.2593pt x 256.08334pt.
[100

]
File: ./config/ufpr-fundo-16x9.jpg Graphic file (type jpg)
<use ./config/ufpr-fundo-16x9.jpg>
Package pdftex.def Info: ./config/ufpr-fundo-16x9.jpg  used on input line 2377.

(pdftex.def)             Requested size: 455.2593pt x 256.08334pt.
[101

]
File: ./config/ufpr-fundo-16x9.jpg Graphic file (type jpg)
<use ./config/ufpr-fundo-16x9.jpg>
Package pdftex.def Info: ./config/ufpr-fundo-16x9.jpg  used on input line 2399.

(pdftex.def)             Requested size: 455.2593pt x 256.08334pt.
[102

]
File: ./config/ufpr-fundo-16x9.jpg Graphic file (type jpg)
<use ./config/ufpr-fundo-16x9.jpg>
Package pdftex.def Info: ./config/ufpr-fundo-16x9.jpg  used on input line 2417.

(pdftex.def)             Requested size: 455.2593pt x 256.08334pt.
[103

]
File: ./config/ufpr-fundo-16x9.jpg Graphic file (type jpg)
<use ./config/ufpr-fundo-16x9.jpg>
Package pdftex.def Info: ./config/ufpr-fundo-16x9.jpg  used on input line 2435.

(pdftex.def)             Requested size: 455.2593pt x 256.08334pt.
[104

]
File: ./config/ufpr-fundo-16x9.jpg Graphic file (type jpg)
<use ./config/ufpr-fundo-16x9.jpg>
Package pdftex.def Info: ./config/ufpr-fundo-16x9.jpg  used on input line 2438.

(pdftex.def)             Requested size: 455.2593pt x 256.08334pt.
[105

]
File: ./config/ufpr-fundo-16x9.jpg Graphic file (type jpg)
<use ./config/ufpr-fundo-16x9.jpg>
Package pdftex.def Info: ./config/ufpr-fundo-16x9.jpg  used on input line 2441.

(pdftex.def)             Requested size: 455.2593pt x 256.08334pt.
[106

]
File: ./config/ufpr-fundo-16x9.jpg Graphic file (type jpg)
<use ./config/ufpr-fundo-16x9.jpg>
Package pdftex.def Info: ./config/ufpr-fundo-16x9.jpg  used on input line 2460.

(pdftex.def)             Requested size: 455.2593pt x 256.08334pt.
[107

]
File: ./config/ufpr-fundo-16x9.jpg Graphic file (type jpg)
<use ./config/ufpr-fundo-16x9.jpg>
Package pdftex.def Info: ./config/ufpr-fundo-16x9.jpg  used on input line 2478.

(pdftex.def)             Requested size: 455.2593pt x 256.08334pt.
[108

]
File: ./config/ufpr-fundo-16x9.jpg Graphic file (type jpg)
<use ./config/ufpr-fundo-16x9.jpg>
Package pdftex.def Info: ./config/ufpr-fundo-16x9.jpg  used on input line 2495.

(pdftex.def)             Requested size: 455.2593pt x 256.08334pt.
[109

]
File: ./config/ufpr-fundo-16x9.jpg Graphic file (type jpg)
<use ./config/ufpr-fundo-16x9.jpg>
Package pdftex.def Info: ./config/ufpr-fundo-16x9.jpg  used on input line 2510.

(pdftex.def)             Requested size: 455.2593pt x 256.08334pt.
[110

]
File: ./config/ufpr-fundo-16x9.jpg Graphic file (type jpg)
<use ./config/ufpr-fundo-16x9.jpg>
Package pdftex.def Info: ./config/ufpr-fundo-16x9.jpg  used on input line 2526.

(pdftex.def)             Requested size: 455.2593pt x 256.08334pt.
[111

]
LaTeX Font Info:    Font shape `T1/FiraSans-OsF/l/n' in size <20.74> not availa
ble
(Font)              Font shape `T1/FiraSans-OsF/light/n' tried instead on input
 line 2551.
LaTeX Font Info:    Font shape `T1/FiraSans-OsF/light/n' will be
(Font)              scaled to size 20.74pt on input line 2551.
File: config/capes_tp2.png Graphic file (type png)
<use config/capes_tp2.png>
Package pdftex.def Info: config/capes_tp2.png  used on input line 2551.
(pdftex.def)             Requested size: 51.31616pt x 51.21352pt.
File: config/ufpr-transparent-600px.png Graphic file (type png)
<use config/ufpr-transparent-600px.png>
Package pdftex.def Info: config/ufpr-transparent-600px.png  used on input line 
2551.
(pdftex.def)             Requested size: 78.58931pt x 51.21402pt.
File: config/dsbd-2x2-trans.png Graphic file (type png)
<use config/dsbd-2x2-trans.png>
Package pdftex.def Info: config/dsbd-2x2-trans.png  used on input line 2551.
(pdftex.def)             Requested size: 51.2117pt x 51.2117pt.
File: ./config/ufpr-fundo-16x9.jpg Graphic file (type jpg)
<use ./config/ufpr-fundo-16x9.jpg>
Package pdftex.def Info: ./config/ufpr-fundo-16x9.jpg  used on input line 2551.

(pdftex.def)             Requested size: 455.2593pt x 256.08334pt.
[112

] (./defesa-lineu.bbl
LaTeX Font Info:    Trying to load font information for T1+iwonal on input line
 19.
(/usr/share/texlive/texmf-dist/tex/latex/iwona/t1iwonal.fd
File: t1iwonal.fd 2008/07/22 v0.995 font definition file for T1/iwonal (MW)
)
Package microtype Info: Loading generic protrusion settings for font family
(microtype)             `iwonal' (encoding: T1).
(microtype)             For optimal results, create family-specific settings.
(microtype)             See the microtype manual for details.
)
File: ./config/ufpr-fundo-16x9.jpg Graphic file (type jpg)
<use ./config/ufpr-fundo-16x9.jpg>
Package pdftex.def Info: ./config/ufpr-fundo-16x9.jpg  used on input line 2556.

(pdftex.def)             Requested size: 455.2593pt x 256.08334pt.
[113

]
File: ./config/ufpr-fundo-16x9.jpg Graphic file (type jpg)
<use ./config/ufpr-fundo-16x9.jpg>
Package pdftex.def Info: ./config/ufpr-fundo-16x9.jpg  used on input line 2556.

(pdftex.def)             Requested size: 455.2593pt x 256.08334pt.
[114


]
File: ./config/ufpr-fundo-16x9.jpg Graphic file (type jpg)
<use ./config/ufpr-fundo-16x9.jpg>
Package pdftex.def Info: ./config/ufpr-fundo-16x9.jpg  used on input line 2556.

(pdftex.def)             Requested size: 455.2593pt x 256.08334pt.
[115


]
\tf@nav=\write8
\openout8 = `defesa-lineu.nav'.

\tf@toc=\write9
\openout9 = `defesa-lineu.toc'.

\tf@snm=\write10
\openout10 = `defesa-lineu.snm'.

Package atveryend Info: Empty hook `BeforeClearDocument' on input line 2558.
Package atveryend Info: Empty hook `AfterLastShipout' on input line 2558.
(./defesa-lineu.aux)
Package atveryend Info: Executing hook `AtVeryEndDocument' on input line 2558.
Package atveryend Info: Empty hook `AtEndAfterFileList' on input line 2558.

LaTeX Warning: There were multiply-defined labels.

 ) 
Here is how much of TeX's memory you used:
 42190 strings out of 481239
 947434 string characters out of 5920376
 1297293 words of memory out of 5000000
 56247 multiletter control sequences out of 15000+600000
 832867 words of font info for 128 fonts, out of 8000000 for 9000
 1141 hyphenation exceptions out of 8191
 63i,13n,98p,800b,862s stack positions out of 5000i,500n,10000p,200000b,80000s
{/usr/share/texlive/texmf-dist/fonts/enc/dvips/iwona/ec-iwona.enc}{/usr/share
/texlive/texmf-dist/fonts/enc/dvips/fira/fir_iln36p.enc}{/usr/share/texlive/tex
mf-dist/fonts/enc/dvips/iwona/ex-iwona.enc}{/usr/share/texlive/texmf-dist/fonts
/enc/dvips/iwona/sy-iwona.enc}{/usr/share/texlive/texmf-dist/fonts/enc/dvips/iw
ona/rm-iwona.enc}{/usr/share/texlive/texmf-dist/fonts/enc/dvips/iwona/mi-iwona.
enc}</usr/share/texlive/texmf-dist/fonts/type1/public/fira/FiraSans-Bold.pfb></
usr/share/texlive/texmf-dist/fonts/type1/public/fira/FiraSans-Light.pfb></usr/s
hare/texlive/texmf-dist/fonts/type1/public/fira/FiraSans-LightItalic.pfb></usr/
share/texlive/texmf-dist/fonts/type1/nowacki/iwona/iwonal.pfb></usr/share/texli
ve/texmf-dist/fonts/type1/nowacki/iwona/iwonali.pfb></usr/share/texlive/texmf-d
ist/fonts/type1/nowacki/iwona/iwonam.pfb></usr/share/texlive/texmf-dist/fonts/t
ype1/nowacki/iwona/iwonami.pfb></usr/share/texlive/texmf-dist/fonts/type1/publi
c/amsfonts/symbols/msam10.pfb>
Output written on defesa-lineu.pdf (115 pages, 796149 bytes).
PDF statistics:
 1014 PDF objects out of 1200 (max. 8388607)
 852 compressed objects within 9 object streams
 361 named destinations out of 1000 (max. 500000)
 2239 words of extra memory for PDF output out of 10000 (max. 10000000)

